This file contains any messages produced by compilers while
running configure, to aid debugging if configure makes a mistake.

It was created by configure, which was
generated by GNU Autoconf 2.69.  Invocation command line was

  $ ./configure --with-xmlrpc

## --------- ##
## Platform. ##
## --------- ##

hostname = zekamashi
uname -m = x86_64
uname -r = 3.13.0-117-generic
uname -s = Linux
uname -v = #164-Ubuntu SMP Fri Apr 7 11:05:26 UTC 2017

/usr/bin/uname -p = unknown
/bin/uname -X     = unknown

/bin/arch              = unknown
/usr/bin/arch -k       = unknown
/usr/convex/getsysinfo = unknown
/usr/bin/hostinfo      = unknown
/bin/machine           = unknown
/usr/bin/oslevel       = unknown
/bin/universe          = unknown

PATH: /home/taji/anaconda2/bin
PATH: /home/taji/bin
PATH: /usr/local/sbin
PATH: /usr/local/bin
PATH: /usr/sbin
PATH: /usr/bin
PATH: /sbin
PATH: /bin
PATH: /usr/games
PATH: /usr/local/games
PATH: /usr/lib/jvm/java-8-oracle/bin
PATH: /usr/lib/jvm/java-8-oracle/db/bin
PATH: /usr/lib/jvm/java-8-oracle/jre/bin
PATH: /home/taji/gasgano/bin
PATH: /home/taji/Reflex/install/bin


## ----------- ##
## Core tests. ##
## ----------- ##

configure:2359: checking build system type
configure:2373: result: x86_64-unknown-linux-gnu
configure:2393: checking host system type
configure:2406: result: x86_64-unknown-linux-gnu
configure:2426: checking target system type
configure:2439: result: x86_64-unknown-linux-gnu
configure:2483: checking for a BSD-compatible install
configure:2551: result: /usr/bin/install -c
configure:2562: checking whether build environment is sane
configure:2617: result: yes
configure:2655: WARNING: 'missing' script is too old or missing
configure:2768: checking for a thread-safe mkdir -p
configure:2807: result: /bin/mkdir -p
configure:2814: checking for gawk
configure:2830: found /usr/bin/gawk
configure:2841: result: gawk
configure:2852: checking whether make sets $(MAKE)
configure:2874: result: yes
configure:2903: checking whether make supports nested variables
configure:2920: result: yes
configure:3093: checking how to print strings
configure:3120: result: printf
configure:3153: checking for style of include used by make
configure:3181: result: GNU
configure:3252: checking for gcc
configure:3268: found /usr/bin/gcc
configure:3279: result: gcc
configure:3508: checking for C compiler version
configure:3517: gcc --version >&5
gcc (Ubuntu 4.8.4-2ubuntu1~14.04.3) 4.8.4
Copyright (C) 2013 Free Software Foundation, Inc.
This is free software; see the source for copying conditions.  There is NO
warranty; not even for MERCHANTABILITY or FITNESS FOR A PARTICULAR PURPOSE.

configure:3528: $? = 0
configure:3517: gcc -v >&5
Using built-in specs.
COLLECT_GCC=gcc
COLLECT_LTO_WRAPPER=/usr/lib/gcc/x86_64-linux-gnu/4.8/lto-wrapper
Target: x86_64-linux-gnu
Configured with: ../src/configure -v --with-pkgversion='Ubuntu 4.8.4-2ubuntu1~14.04.3' --with-bugurl=file:///usr/share/doc/gcc-4.8/README.Bugs --enable-languages=c,c++,java,go,d,fortran,objc,obj-c++ --prefix=/usr --program-suffix=-4.8 --enable-shared --enable-linker-build-id --libexecdir=/usr/lib --without-included-gettext --enable-threads=posix --with-gxx-include-dir=/usr/include/c++/4.8 --libdir=/usr/lib --enable-nls --with-sysroot=/ --enable-clocale=gnu --enable-libstdcxx-debug --enable-libstdcxx-time=yes --enable-gnu-unique-object --disable-libmudflap --enable-plugin --with-system-zlib --disable-browser-plugin --enable-java-awt=gtk --enable-gtk-cairo --with-java-home=/usr/lib/jvm/java-1.5.0-gcj-4.8-amd64/jre --enable-java-home --with-jvm-root-dir=/usr/lib/jvm/java-1.5.0-gcj-4.8-amd64 --with-jvm-jar-dir=/usr/lib/jvm-exports/java-1.5.0-gcj-4.8-amd64 --with-arch-directory=amd64 --with-ecj-jar=/usr/share/java/eclipse-ecj.jar --enable-objc-gc --enable-multiarch --disable-werror --with-arch-32=i686 --with-abi=m64 --with-multilib-list=m32,m64,mx32 --with-tune=generic --enable-checking=release --build=x86_64-linux-gnu --host=x86_64-linux-gnu --target=x86_64-linux-gnu
Thread model: posix
gcc version 4.8.4 (Ubuntu 4.8.4-2ubuntu1~14.04.3) 
configure:3528: $? = 0
configure:3517: gcc -V >&5
gcc: error: unrecognized command line option '-V'
gcc: fatal error: no input files
compilation terminated.
configure:3528: $? = 4
configure:3517: gcc -qversion >&5
gcc: error: unrecognized command line option '-qversion'
gcc: fatal error: no input files
compilation terminated.
configure:3528: $? = 4
configure:3548: checking whether the C compiler works
configure:3570: gcc    conftest.c  >&5
configure:3574: $? = 0
configure:3622: result: yes
configure:3625: checking for C compiler default output file name
configure:3627: result: a.out
configure:3633: checking for suffix of executables
configure:3640: gcc -o conftest    conftest.c  >&5
configure:3644: $? = 0
configure:3666: result: 
configure:3688: checking whether we are cross compiling
configure:3696: gcc -o conftest    conftest.c  >&5
configure:3700: $? = 0
configure:3707: ./conftest
configure:3711: $? = 0
configure:3726: result: no
configure:3731: checking for suffix of object files
configure:3753: gcc -c   conftest.c >&5
configure:3757: $? = 0
configure:3778: result: o
configure:3782: checking whether we are using the GNU C compiler
configure:3801: gcc -c   conftest.c >&5
configure:3801: $? = 0
configure:3810: result: yes
configure:3819: checking whether gcc accepts -g
configure:3839: gcc -c -g  conftest.c >&5
configure:3839: $? = 0
configure:3880: result: yes
configure:3897: checking for gcc option to accept ISO C89
configure:3960: gcc  -c -g -O2  conftest.c >&5
configure:3960: $? = 0
configure:3973: result: none needed
configure:3998: checking whether gcc understands -c and -o together
configure:4020: gcc -c conftest.c -o conftest2.o
configure:4023: $? = 0
configure:4020: gcc -c conftest.c -o conftest2.o
configure:4023: $? = 0
configure:4035: result: yes
configure:4054: checking dependency style of gcc
configure:4165: result: gcc3
configure:4180: checking for a sed that does not truncate output
configure:4244: result: /bin/sed
configure:4262: checking for grep that handles long lines and -e
configure:4320: result: /bin/grep
configure:4325: checking for egrep
configure:4387: result: /bin/grep -E
configure:4392: checking for fgrep
configure:4454: result: /bin/grep -F
configure:4489: checking for ld used by gcc
configure:4556: result: /usr/bin/ld
configure:4563: checking if the linker (/usr/bin/ld) is GNU ld
configure:4578: result: yes
configure:4590: checking for BSD- or MS-compatible name lister (nm)
configure:4639: result: /usr/bin/nm -B
configure:4769: checking the name lister (/usr/bin/nm -B) interface
configure:4776: gcc -c -g -O2  conftest.c >&5
configure:4779: /usr/bin/nm -B "conftest.o"
configure:4782: output
0000000000000000 B some_variable
configure:4789: result: BSD nm
configure:4792: checking whether ln -s works
configure:4796: result: yes
configure:4804: checking the maximum length of command line arguments
configure:4935: result: 1572864
configure:4952: checking whether the shell understands some XSI constructs
configure:4962: result: yes
configure:4966: checking whether the shell understands "+="
configure:4972: result: yes
configure:5007: checking how to convert x86_64-unknown-linux-gnu file names to x86_64-unknown-linux-gnu format
configure:5047: result: func_convert_file_noop
configure:5054: checking how to convert x86_64-unknown-linux-gnu file names to toolchain format
configure:5074: result: func_convert_file_noop
configure:5081: checking for /usr/bin/ld option to reload object files
configure:5088: result: -r
configure:5162: checking for objdump
configure:5178: found /usr/bin/objdump
configure:5189: result: objdump
configure:5221: checking how to recognize dependent libraries
configure:5419: result: pass_all
configure:5504: checking for dlltool
configure:5534: result: no
configure:5564: checking how to associate runtime and link libraries
configure:5591: result: printf %s\n
configure:5652: checking for ar
configure:5668: found /usr/bin/ar
configure:5679: result: ar
configure:5716: checking for archiver @FILE support
configure:5733: gcc -c -g -O2  conftest.c >&5
configure:5733: $? = 0
configure:5736: ar cru libconftest.a @conftest.lst >&5
configure:5739: $? = 0
configure:5744: ar cru libconftest.a @conftest.lst >&5
ar: conftest.o: No such file or directory
configure:5747: $? = 1
configure:5759: result: @
configure:5817: checking for strip
configure:5833: found /usr/bin/strip
configure:5844: result: strip
configure:5916: checking for ranlib
configure:5932: found /usr/bin/ranlib
configure:5943: result: ranlib
configure:6045: checking command to parse /usr/bin/nm -B output from gcc object
configure:6165: gcc -c -g -O2  conftest.c >&5
configure:6168: $? = 0
configure:6172: /usr/bin/nm -B conftest.o \| sed -n -e 's/^.*[ ]\([ABCDGIRSTW][ABCDGIRSTW]*\)[ ][ ]*\([_A-Za-z][_A-Za-z0-9]*\)$/\1 \2 \2/p' | sed '/ __gnu_lto/d' \> conftest.nm
configure:6175: $? = 0
configure:6241: gcc -o conftest -g -O2   conftest.c conftstm.o >&5
configure:6244: $? = 0
configure:6282: result: ok
configure:6319: checking for sysroot
configure:6349: result: no
configure:6426: gcc -c -g -O2  conftest.c >&5
configure:6429: $? = 0
configure:6618: checking for mt
configure:6634: found /bin/mt
configure:6645: result: mt
configure:6668: checking if mt is a manifest tool
configure:6674: mt '-?'
configure:6682: result: no
configure:7324: checking how to run the C preprocessor
configure:7355: gcc -E  conftest.c
configure:7355: $? = 0
configure:7369: gcc -E  conftest.c
conftest.c:9:28: fatal error: ac_nonexistent.h: No such file or directory
 #include <ac_nonexistent.h>
                            ^
compilation terminated.
configure:7369: $? = 1
configure: failed program was:
| /* confdefs.h */
| #define PACKAGE_NAME ""
| #define PACKAGE_TARNAME ""
| #define PACKAGE_VERSION ""
| #define PACKAGE_STRING ""
| #define PACKAGE_BUGREPORT ""
| #define PACKAGE_URL ""
| /* end confdefs.h.  */
| #include <ac_nonexistent.h>
configure:7394: result: gcc -E
configure:7414: gcc -E  conftest.c
configure:7414: $? = 0
configure:7428: gcc -E  conftest.c
conftest.c:9:28: fatal error: ac_nonexistent.h: No such file or directory
 #include <ac_nonexistent.h>
                            ^
compilation terminated.
configure:7428: $? = 1
configure: failed program was:
| /* confdefs.h */
| #define PACKAGE_NAME ""
| #define PACKAGE_TARNAME ""
| #define PACKAGE_VERSION ""
| #define PACKAGE_STRING ""
| #define PACKAGE_BUGREPORT ""
| #define PACKAGE_URL ""
| /* end confdefs.h.  */
| #include <ac_nonexistent.h>
configure:7457: checking for ANSI C header files
configure:7477: gcc -c -g -O2  conftest.c >&5
configure:7477: $? = 0
configure:7550: gcc -o conftest -g -O2   conftest.c  >&5
configure:7550: $? = 0
configure:7550: ./conftest
configure:7550: $? = 0
configure:7561: result: yes
configure:7574: checking for sys/types.h
configure:7574: gcc -c -g -O2  conftest.c >&5
configure:7574: $? = 0
configure:7574: result: yes
configure:7574: checking for sys/stat.h
configure:7574: gcc -c -g -O2  conftest.c >&5
configure:7574: $? = 0
configure:7574: result: yes
configure:7574: checking for stdlib.h
configure:7574: gcc -c -g -O2  conftest.c >&5
configure:7574: $? = 0
configure:7574: result: yes
configure:7574: checking for string.h
configure:7574: gcc -c -g -O2  conftest.c >&5
configure:7574: $? = 0
configure:7574: result: yes
configure:7574: checking for memory.h
configure:7574: gcc -c -g -O2  conftest.c >&5
configure:7574: $? = 0
configure:7574: result: yes
configure:7574: checking for strings.h
configure:7574: gcc -c -g -O2  conftest.c >&5
configure:7574: $? = 0
configure:7574: result: yes
configure:7574: checking for inttypes.h
configure:7574: gcc -c -g -O2  conftest.c >&5
configure:7574: $? = 0
configure:7574: result: yes
configure:7574: checking for stdint.h
configure:7574: gcc -c -g -O2  conftest.c >&5
configure:7574: $? = 0
configure:7574: result: yes
configure:7574: checking for unistd.h
configure:7574: gcc -c -g -O2  conftest.c >&5
configure:7574: $? = 0
configure:7574: result: yes
configure:7588: checking for dlfcn.h
configure:7588: gcc -c -g -O2  conftest.c >&5
configure:7588: $? = 0
configure:7588: result: yes
configure:7794: checking for objdir
configure:7809: result: .libs
configure:8076: checking if gcc supports -fno-rtti -fno-exceptions
configure:8094: gcc -c -g -O2  -fno-rtti -fno-exceptions conftest.c >&5
cc1: warning: command line option '-fno-rtti' is valid for C++/ObjC++ but not for C [enabled by default]
configure:8098: $? = 0
configure:8111: result: no
configure:8438: checking for gcc option to produce PIC
configure:8445: result: -fPIC -DPIC
configure:8453: checking if gcc PIC flag -fPIC -DPIC works
configure:8471: gcc -c -g -O2  -fPIC -DPIC -DPIC conftest.c >&5
configure:8475: $? = 0
configure:8488: result: yes
configure:8517: checking if gcc static flag -static works
configure:8545: result: yes
configure:8560: checking if gcc supports -c -o file.o
configure:8581: gcc -c -g -O2  -o out/conftest2.o conftest.c >&5
configure:8585: $? = 0
configure:8607: result: yes
configure:8615: checking if gcc supports -c -o file.o
configure:8662: result: yes
configure:8695: checking whether the gcc linker (/usr/bin/ld -m elf_x86_64) supports shared libraries
configure:9852: result: yes
configure:9889: checking whether -lc should be explicitly linked in
configure:9897: gcc -c -g -O2  conftest.c >&5
configure:9900: $? = 0
configure:9915: gcc -shared  -fPIC -DPIC conftest.o  -v -Wl,-soname -Wl,conftest -o conftest 2\>\&1 \| /bin/grep  -lc  \>/dev/null 2\>\&1
configure:9918: $? = 0
configure:9932: result: no
configure:10092: checking dynamic linker characteristics
configure:10592: gcc -o conftest -g -O2   -Wl,-rpath -Wl,/foo conftest.c  >&5
configure:10592: $? = 0
configure:10826: result: GNU/Linux ld.so
configure:10933: checking how to hardcode library paths into programs
configure:10958: result: immediate
configure:11498: checking whether stripping libraries is possible
configure:11503: result: yes
configure:11538: checking if libtool supports shared libraries
configure:11540: result: yes
configure:11543: checking whether to build shared libraries
configure:11564: result: yes
configure:11567: checking whether to build static libraries
configure:11571: result: yes
configure:11656: checking for gcc
configure:11683: result: gcc
configure:11912: checking for C compiler version
configure:11921: gcc --version >&5
gcc (Ubuntu 4.8.4-2ubuntu1~14.04.3) 4.8.4
Copyright (C) 2013 Free Software Foundation, Inc.
This is free software; see the source for copying conditions.  There is NO
warranty; not even for MERCHANTABILITY or FITNESS FOR A PARTICULAR PURPOSE.

configure:11932: $? = 0
configure:11921: gcc -v >&5
Using built-in specs.
COLLECT_GCC=gcc
COLLECT_LTO_WRAPPER=/usr/lib/gcc/x86_64-linux-gnu/4.8/lto-wrapper
Target: x86_64-linux-gnu
Configured with: ../src/configure -v --with-pkgversion='Ubuntu 4.8.4-2ubuntu1~14.04.3' --with-bugurl=file:///usr/share/doc/gcc-4.8/README.Bugs --enable-languages=c,c++,java,go,d,fortran,objc,obj-c++ --prefix=/usr --program-suffix=-4.8 --enable-shared --enable-linker-build-id --libexecdir=/usr/lib --without-included-gettext --enable-threads=posix --with-gxx-include-dir=/usr/include/c++/4.8 --libdir=/usr/lib --enable-nls --with-sysroot=/ --enable-clocale=gnu --enable-libstdcxx-debug --enable-libstdcxx-time=yes --enable-gnu-unique-object --disable-libmudflap --enable-plugin --with-system-zlib --disable-browser-plugin --enable-java-awt=gtk --enable-gtk-cairo --with-java-home=/usr/lib/jvm/java-1.5.0-gcj-4.8-amd64/jre --enable-java-home --with-jvm-root-dir=/usr/lib/jvm/java-1.5.0-gcj-4.8-amd64 --with-jvm-jar-dir=/usr/lib/jvm-exports/java-1.5.0-gcj-4.8-amd64 --with-arch-directory=amd64 --with-ecj-jar=/usr/share/java/eclipse-ecj.jar --enable-objc-gc --enable-multiarch --disable-werror --with-arch-32=i686 --with-abi=m64 --with-multilib-list=m32,m64,mx32 --with-tune=generic --enable-checking=release --build=x86_64-linux-gnu --host=x86_64-linux-gnu --target=x86_64-linux-gnu
Thread model: posix
gcc version 4.8.4 (Ubuntu 4.8.4-2ubuntu1~14.04.3) 
configure:11932: $? = 0
configure:11921: gcc -V >&5
gcc: error: unrecognized command line option '-V'
gcc: fatal error: no input files
compilation terminated.
configure:11932: $? = 4
configure:11921: gcc -qversion >&5
gcc: error: unrecognized command line option '-qversion'
gcc: fatal error: no input files
compilation terminated.
configure:11932: $? = 4
configure:11936: checking whether we are using the GNU C compiler
configure:11964: result: yes
configure:11973: checking whether gcc accepts -g
configure:12034: result: yes
configure:12051: checking for gcc option to accept ISO C89
configure:12127: result: none needed
configure:12152: checking whether gcc understands -c and -o together
configure:12189: result: yes
configure:12208: checking dependency style of gcc
configure:12319: result: gcc3
configure:12335: checking whether make sets $(MAKE)
configure:12357: result: yes
configure:12369: checking for windres
configure:12399: result: no
configure:12417: checking for gobjcopy
configure:12450: result: no
configure:12417: checking for objcopy
configure:12435: found /usr/bin/objcopy
configure:12447: result: /usr/bin/objcopy
configure:12460: checking for size_t
configure:12460: gcc -c -g -O2  conftest.c >&5
configure:12460: $? = 0
configure:12460: gcc -c -g -O2  conftest.c >&5
conftest.c: In function 'main':
conftest.c:57:21: error: expected expression before ')' token
 if (sizeof ((size_t)))
                     ^
configure:12460: $? = 1
configure: failed program was:
| /* confdefs.h */
| #define PACKAGE_NAME ""
| #define PACKAGE_TARNAME ""
| #define PACKAGE_VERSION ""
| #define PACKAGE_STRING ""
| #define PACKAGE_BUGREPORT ""
| #define PACKAGE_URL ""
| #define STDC_HEADERS 1
| #define HAVE_SYS_TYPES_H 1
| #define HAVE_SYS_STAT_H 1
| #define HAVE_STDLIB_H 1
| #define HAVE_STRING_H 1
| #define HAVE_MEMORY_H 1
| #define HAVE_STRINGS_H 1
| #define HAVE_INTTYPES_H 1
| #define HAVE_STDINT_H 1
| #define HAVE_UNISTD_H 1
| #define HAVE_DLFCN_H 1
| #define LT_OBJDIR ".libs/"
| /* end confdefs.h.  */
| #include <stdio.h>
| #ifdef HAVE_SYS_TYPES_H
| # include <sys/types.h>
| #endif
| #ifdef HAVE_SYS_STAT_H
| # include <sys/stat.h>
| #endif
| #ifdef STDC_HEADERS
| # include <stdlib.h>
| # include <stddef.h>
| #else
| # ifdef HAVE_STDLIB_H
| #  include <stdlib.h>
| # endif
| #endif
| #ifdef HAVE_STRING_H
| # if !defined STDC_HEADERS && defined HAVE_MEMORY_H
| #  include <memory.h>
| # endif
| # include <string.h>
| #endif
| #ifdef HAVE_STRINGS_H
| # include <strings.h>
| #endif
| #ifdef HAVE_INTTYPES_H
| # include <inttypes.h>
| #endif
| #ifdef HAVE_STDINT_H
| # include <stdint.h>
| #endif
| #ifdef HAVE_UNISTD_H
| # include <unistd.h>
| #endif
| int
| main ()
| {
| if (sizeof ((size_t)))
| 	    return 0;
|   ;
|   return 0;
| }
configure:12460: result: yes
configure:12473: checking for working alloca.h
configure:12490: gcc -o conftest -g -O2   conftest.c  >&5
configure:12490: $? = 0
configure:12498: result: yes
configure:12506: checking for alloca
configure:12543: gcc -o conftest -g -O2   conftest.c  >&5
configure:12543: $? = 0
configure:12551: result: yes
configure:12660: checking for dirent.h that defines DIR
configure:12679: gcc -c -g -O2  conftest.c >&5
configure:12679: $? = 0
configure:12687: result: yes
configure:12700: checking for library containing opendir
configure:12731: gcc -o conftest -g -O2   conftest.c  >&5
configure:12731: $? = 0
configure:12748: result: none required
configure:12815: checking for ANSI C header files
configure:12919: result: yes
configure:12927: checking for sys/wait.h that is POSIX.1 compatible
configure:12953: gcc -c -g -O2  conftest.c >&5
configure:12953: $? = 0
configure:12960: result: yes
configure:12971: checking pwd.h usability
configure:12971: gcc -c -g -O2  conftest.c >&5
configure:12971: $? = 0
configure:12971: result: yes
configure:12971: checking pwd.h presence
configure:12971: gcc -E  conftest.c
configure:12971: $? = 0
configure:12971: result: yes
configure:12971: checking for pwd.h
configure:12971: result: yes
configure:12971: checking sys/utsname.h usability
configure:12971: gcc -c -g -O2  conftest.c >&5
configure:12971: $? = 0
configure:12971: result: yes
configure:12971: checking sys/utsname.h presence
configure:12971: gcc -E  conftest.c
configure:12971: $? = 0
configure:12971: result: yes
configure:12971: checking for sys/utsname.h
configure:12971: result: yes
configure:13091: checking for pkg-config
configure:13109: found /usr/bin/pkg-config
configure:13121: result: /usr/bin/pkg-config
configure:13146: checking pkg-config is at least version 0.16
configure:13149: result: yes
configure:13166: checking for GLIB - version >= 2.8.0
configure:13278: gcc -o conftest -g -O2 -pthread -I/usr/include/glib-2.0 -I/usr/lib/x86_64-linux-gnu/glib-2.0/include     conftest.c -pthread -lgthread-2.0 -lgobject-2.0 -lglib-2.0    >&5
configure:13278: $? = 0
configure:13278: ./conftest
configure:13278: $? = 0
configure:13292: result: yes (version 2.40.2)
configure:13382: checking for pkg-config
configure:13413: result: /usr/bin/pkg-config
configure:13435: checking for GTK+ - version >= 2.8.0
configure:13545: gcc -o conftest -g -O2 -pthread -I/usr/include/gtk-2.0 -I/usr/lib/x86_64-linux-gnu/gtk-2.0/include -I/usr/include/atk-1.0 -I/usr/include/cairo -I/usr/include/gdk-pixbuf-2.0 -I/usr/include/pango-1.0 -I/usr/include/gio-unix-2.0/ -I/usr/include/freetype2 -I/usr/include/glib-2.0 -I/usr/lib/x86_64-linux-gnu/glib-2.0/include -I/usr/include/pixman-1 -I/usr/include/libpng12 -I/usr/include/harfbuzz     conftest.c -pthread -lgtk-x11-2.0 -lgdk-x11-2.0 -latk-1.0 -lgio-2.0 -lpangoft2-1.0 -lpangocairo-1.0 -lgdk_pixbuf-2.0 -lcairo -lpango-1.0 -lfontconfig -lgobject-2.0 -lfreetype -lgthread-2.0 -lglib-2.0    >&5
configure:13545: $? = 0
configure:13545: ./conftest
configure:13545: $? = 0
configure:13559: result: yes (version 2.24.23)
configure:13642: checking for library containing cos
configure:13673: gcc -o conftest -g -O2   conftest.c  >&5
conftest.c:37:6: warning: conflicting types for built-in function 'cos' [enabled by default]
 char cos ();
      ^
/tmp/ccjDrt2a.o: In function `main':
/home/taji/tmp/hskymon/conftest.c:41: undefined reference to `cos'
collect2: error: ld returned 1 exit status
configure:13673: $? = 1
configure: failed program was:
| /* confdefs.h */
| #define PACKAGE_NAME ""
| #define PACKAGE_TARNAME ""
| #define PACKAGE_VERSION ""
| #define PACKAGE_STRING ""
| #define PACKAGE_BUGREPORT ""
| #define PACKAGE_URL ""
| #define STDC_HEADERS 1
| #define HAVE_SYS_TYPES_H 1
| #define HAVE_SYS_STAT_H 1
| #define HAVE_STDLIB_H 1
| #define HAVE_STRING_H 1
| #define HAVE_MEMORY_H 1
| #define HAVE_STRINGS_H 1
| #define HAVE_INTTYPES_H 1
| #define HAVE_STDINT_H 1
| #define HAVE_UNISTD_H 1
| #define HAVE_DLFCN_H 1
| #define LT_OBJDIR ".libs/"
| #define HAVE_ALLOCA_H 1
| #define HAVE_ALLOCA 1
| #define HAVE_DIRENT_H 1
| #define STDC_HEADERS 1
| #define HAVE_SYS_WAIT_H 1
| #define HAVE_PWD_H 1
| #define HAVE_SYS_UTSNAME_H 1
| #define USE_GTK2 /**/
| #define USE_XMLRPC /**/
| /* end confdefs.h.  */
| 
| /* Override any GCC internal prototype to avoid an error.
|    Use char because int might match the return type of a GCC
|    builtin and then its argument prototype would still apply.  */
| #ifdef __cplusplus
| extern "C"
| #endif
| char cos ();
| int
| main ()
| {
| return cos ();
|   ;
|   return 0;
| }
configure:13673: gcc -o conftest -g -O2   conftest.c -lm   >&5
conftest.c:37:6: warning: conflicting types for built-in function 'cos' [enabled by default]
 char cos ();
      ^
configure:13673: $? = 0
configure:13690: result: -lm
configure:13749: checking for xml2-config
configure:13767: found /home/taji/anaconda2/bin/xml2-config
configure:13780: result: /home/taji/anaconda2/bin/xml2-config
configure:13789: checking for libxml - version >= 2.2.6
configure:13891: gcc -o conftest -g -O2  -I/home/taji/anaconda2/include/libxml2  conftest.c -L/home/taji/anaconda2/lib -lxml2 -lz -lm -ldl -lm  >&5
conftest.c: In function 'main':
conftest.c:43:9: warning: ignoring return value of 'system', declared with attribute warn_unused_result [-Wunused-result]
   system("touch conf.xmltest");
         ^
configure:13891: $? = 0
configure:13891: ./conftest
configure:13891: $? = 0
configure:13906: result: yes (version 2.9.2)
configure:13994: checking whether to use OpenSSL
configure:13997: result: yes
configure:14001: checking for OPENSSL
configure:14008: $PKG_CONFIG --exists --print-errors "openssl"
configure:14011: $? = 0
configure:14025: $PKG_CONFIG --exists --print-errors "openssl"
configure:14028: $? = 0
configure:14066: result: yes
configure:14073: checking if openssl is available
configure:14075: result: yes
configure:14200: checking that generated files are newer than configure
configure:14206: result: done
configure:14237: creating ./config.status

## ---------------------- ##
## Running config.status. ##
## ---------------------- ##

This file was extended by config.status, which was
generated by GNU Autoconf 2.69.  Invocation command line was

  CONFIG_FILES    = 
  CONFIG_HEADERS  = 
  CONFIG_LINKS    = 
  CONFIG_COMMANDS = 
  $ ./config.status 

on zekamashi

config.status:1129: creating Makefile
config.status:1129: creating version.h
config.status:1129: creating hskymon_res.rc
config.status:1129: creating libnova/Makefile
config.status:1129: creating std_data/Makefile
config.status:1129: creating config.h
config.status:1358: executing depfiles commands
config.status:1358: executing libtool commands

## ---------------- ##
## Cache variables. ##
## ---------------- ##

ac_cv_build=x86_64-unknown-linux-gnu
ac_cv_c_compiler_gnu=yes
ac_cv_enable_ssl=yes
ac_cv_env_CC_set=
ac_cv_env_CC_value=
ac_cv_env_CFLAGS_set=
ac_cv_env_CFLAGS_value=
ac_cv_env_CPPFLAGS_set=
ac_cv_env_CPPFLAGS_value=
ac_cv_env_CPP_set=
ac_cv_env_CPP_value=
ac_cv_env_LDFLAGS_set=
ac_cv_env_LDFLAGS_value=
ac_cv_env_LIBS_set=
ac_cv_env_LIBS_value=
ac_cv_env_OPENSSL_CFLAGS_set=
ac_cv_env_OPENSSL_CFLAGS_value=
ac_cv_env_OPENSSL_LIBS_set=
ac_cv_env_OPENSSL_LIBS_value=
ac_cv_env_PKG_CONFIG_LIBDIR_set=
ac_cv_env_PKG_CONFIG_LIBDIR_value=
ac_cv_env_PKG_CONFIG_PATH_set=
ac_cv_env_PKG_CONFIG_PATH_value=
ac_cv_env_PKG_CONFIG_set=
ac_cv_env_PKG_CONFIG_value=
ac_cv_env_build_alias_set=
ac_cv_env_build_alias_value=
ac_cv_env_host_alias_set=
ac_cv_env_host_alias_value=
ac_cv_env_target_alias_set=
ac_cv_env_target_alias_value=
ac_cv_func_alloca_works=yes
ac_cv_header_dirent_dirent_h=yes
ac_cv_header_dlfcn_h=yes
ac_cv_header_inttypes_h=yes
ac_cv_header_memory_h=yes
ac_cv_header_pwd_h=yes
ac_cv_header_stdc=yes
ac_cv_header_stdint_h=yes
ac_cv_header_stdlib_h=yes
ac_cv_header_string_h=yes
ac_cv_header_strings_h=yes
ac_cv_header_sys_stat_h=yes
ac_cv_header_sys_types_h=yes
ac_cv_header_sys_utsname_h=yes
ac_cv_header_sys_wait_h=yes
ac_cv_header_unistd_h=yes
ac_cv_host=x86_64-unknown-linux-gnu
ac_cv_objext=o
ac_cv_path_EGREP='/bin/grep -E'
ac_cv_path_FGREP='/bin/grep -F'
ac_cv_path_GREP=/bin/grep
ac_cv_path_OBJCOPY=/usr/bin/objcopy
ac_cv_path_PKG_CONFIG=/usr/bin/pkg-config
ac_cv_path_SED=/bin/sed
ac_cv_path_XML2_CONFIG=/home/taji/anaconda2/bin/xml2-config
ac_cv_path_ac_pt_PKG_CONFIG=/usr/bin/pkg-config
ac_cv_path_install='/usr/bin/install -c'
ac_cv_path_mkdir=/bin/mkdir
ac_cv_prog_AWK=gawk
ac_cv_prog_CPP='gcc -E'
ac_cv_prog_ac_ct_AR=ar
ac_cv_prog_ac_ct_CC=gcc
ac_cv_prog_ac_ct_MANIFEST_TOOL=mt
ac_cv_prog_ac_ct_OBJDUMP=objdump
ac_cv_prog_ac_ct_RANLIB=ranlib
ac_cv_prog_ac_ct_STRIP=strip
ac_cv_prog_cc_c89=
ac_cv_prog_cc_g=yes
ac_cv_prog_make_make_set=yes
ac_cv_search_cos=-lm
ac_cv_search_opendir='none required'
ac_cv_target=x86_64-unknown-linux-gnu
ac_cv_type_size_t=yes
ac_cv_working_alloca_h=yes
am_cv_CC_dependencies_compiler_type=gcc3
am_cv_make_support_nested_variables=yes
am_cv_prog_cc_c_o=yes
lt_cv_ar_at_file=@
lt_cv_archive_cmds_need_lc=no
lt_cv_deplibs_check_method=pass_all
lt_cv_file_magic_cmd='$MAGIC_CMD'
lt_cv_file_magic_test_file=
lt_cv_ld_reload_flag=-r
lt_cv_nm_interface='BSD nm'
lt_cv_objdir=.libs
lt_cv_path_LD=/usr/bin/ld
lt_cv_path_NM='/usr/bin/nm -B'
lt_cv_path_mainfest_tool=no
lt_cv_prog_compiler_c_o=yes
lt_cv_prog_compiler_pic='-fPIC -DPIC'
lt_cv_prog_compiler_pic_works=yes
lt_cv_prog_compiler_rtti_exceptions=no
lt_cv_prog_compiler_static_works=yes
lt_cv_prog_gnu_ld=yes
lt_cv_sharedlib_from_linklib_cmd='printf %s\n'
lt_cv_shlibpath_overrides_runpath=no
lt_cv_sys_global_symbol_pipe='sed -n -e '\''s/^.*[	 ]\([ABCDGIRSTW][ABCDGIRSTW]*\)[	 ][	 ]*\([_A-Za-z][_A-Za-z0-9]*\)$/\1 \2 \2/p'\'' | sed '\''/ __gnu_lto/d'\'''
lt_cv_sys_global_symbol_to_c_name_address='sed -n -e '\''s/^: \([^ ]*\)[ ]*$/  {\"\1\", (void *) 0},/p'\'' -e '\''s/^[ABCDGIRSTW]* \([^ ]*\) \([^ ]*\)$/  {"\2", (void *) \&\2},/p'\'''
lt_cv_sys_global_symbol_to_c_name_address_lib_prefix='sed -n -e '\''s/^: \([^ ]*\)[ ]*$/  {\"\1\", (void *) 0},/p'\'' -e '\''s/^[ABCDGIRSTW]* \([^ ]*\) \(lib[^ ]*\)$/  {"\2", (void *) \&\2},/p'\'' -e '\''s/^[ABCDGIRSTW]* \([^ ]*\) \([^ ]*\)$/  {"lib\2", (void *) \&\2},/p'\'''
lt_cv_sys_global_symbol_to_cdecl='sed -n -e '\''s/^T .* \(.*\)$/extern int \1();/p'\'' -e '\''s/^[ABCDGIRSTW]* .* \(.*\)$/extern char \1;/p'\'''
lt_cv_sys_max_cmd_len=1572864
lt_cv_to_host_file_cmd=func_convert_file_noop
lt_cv_to_tool_file_cmd=func_convert_file_noop
pkg_cv_OPENSSL_CFLAGS=' '
pkg_cv_OPENSSL_LIBS='-lssl -lcrypto  '

## ----------------- ##
## Output variables. ##
## ----------------- ##

ACLOCAL='aclocal-1.14'
ALLOCA=''
AMDEPBACKSLASH='\'
AMDEP_FALSE='#'
AMDEP_TRUE=''
AMTAR='$${TAR-tar}'
AM_BACKSLASH='\'
AM_DEFAULT_V='$(AM_DEFAULT_VERBOSITY)'
AM_DEFAULT_VERBOSITY='1'
AM_V='$(V)'
AR='ar'
AUTOCONF='autoconf'
AUTOHEADER='autoheader'
AUTOMAKE='automake-1.14'
AWK='gawk'
BUILD_REVISION='0'
CC='gcc'
CCDEPMODE='depmode=gcc3'
CFLAGS='-g -O2  '
CPP='gcc -E'
CPPFLAGS=''
CYGPATH_W='echo'
DEFS='-DHAVE_CONFIG_H'
DEPDIR='.deps'
DISABLE_DEPRECATED=''
DLLTOOL='false'
DSYMUTIL=''
DUMPBIN=''
ECHO_C=''
ECHO_N='-n'
ECHO_T=''
EGREP='/bin/grep -E'
EXEEXT=''
FGREP='/bin/grep -F'
GLIB_CFLAGS='-pthread -I/usr/include/glib-2.0 -I/usr/lib/x86_64-linux-gnu/glib-2.0/include  '
GLIB_COMPILE_RESOURCES='/usr/lib/x86_64-linux-gnu/glib-2.0/glib-compile-resources'
GLIB_GENMARSHAL='glib-genmarshal'
GLIB_LIBS='-pthread -lgthread-2.0 -lgobject-2.0 -lglib-2.0  '
GLIB_MKENUMS='glib-mkenums'
GOBJECT_QUERY='gobject-query'
GREP='/bin/grep'
GTK_CFLAGS='-pthread -I/usr/include/gtk-2.0 -I/usr/lib/x86_64-linux-gnu/gtk-2.0/include -I/usr/include/atk-1.0 -I/usr/include/cairo -I/usr/include/gdk-pixbuf-2.0 -I/usr/include/pango-1.0 -I/usr/include/gio-unix-2.0/ -I/usr/include/freetype2 -I/usr/include/glib-2.0 -I/usr/lib/x86_64-linux-gnu/glib-2.0/include -I/usr/include/pixman-1 -I/usr/include/libpng12 -I/usr/include/harfbuzz  '
GTK_LIBS='-pthread -lgtk-x11-2.0 -lgdk-x11-2.0 -latk-1.0 -lgio-2.0 -lpangoft2-1.0 -lpangocairo-1.0 -lgdk_pixbuf-2.0 -lcairo -lpango-1.0 -lfontconfig -lgobject-2.0 -lfreetype -lgthread-2.0 -lglib-2.0  '
HAVE_WINDRES_FALSE=''
HAVE_WINDRES_TRUE='#'
INSTALL_DATA='${INSTALL} -m 644'
INSTALL_PROGRAM='${INSTALL}'
INSTALL_SCRIPT='${INSTALL}'
INSTALL_STRIP_PROGRAM='$(install_sh) -c -s'
LD='/usr/bin/ld -m elf_x86_64'
LDFLAGS=''
LIBOBJS=''
LIBS='-lm  -lssl -lcrypto  '
LIBTOOL='$(SHELL) $(top_builddir)/libtool'
LIPO=''
LN_S='ln -s'
LTLIBOBJS=''
MAJOR_VERSION='2'
MAKEINFO='makeinfo'
MANIFEST_TOOL=':'
MICRO_VERSION='1'
MINOR_VERSION='9'
MKDIR_P='/bin/mkdir -p'
NM='/usr/bin/nm -B'
NMEDIT=''
OBJCOPY='/usr/bin/objcopy'
OBJDUMP='objdump'
OBJEXT='o'
OPENSSL_CFLAGS=' '
OPENSSL_LIBS='-lssl -lcrypto  '
OTOOL64=''
OTOOL=''
PACKAGE='hskymon'
PACKAGE_BUGREPORT=''
PACKAGE_NAME=''
PACKAGE_STRING=''
PACKAGE_TARNAME=''
PACKAGE_URL=''
PACKAGE_VERSION=''
PATH_SEPARATOR=':'
PKG_CONFIG='/usr/bin/pkg-config'
PKG_CONFIG_LIBDIR=''
PKG_CONFIG_PATH=''
RANLIB='ranlib'
SED='/bin/sed'
SET_MAKE=''
SHELL='/bin/bash'
STRIP='strip'
VERSION='2.9.1-20170516'
WINDRES=''
WINMM_LIBS=''
WINSOCK_LIBS=''
XML2_CONFIG='/home/taji/anaconda2/bin/xml2-config'
XMLRPC_CFLAGS='-I/usr/include '
XMLRPC_LIBS='-L/usr/lib/x86_64-linux-gnu   -lxmlrpc_client -lxmlrpc  -lxmlrpc_xmlparse -lxmlrpc_xmltok -lxmlrpc_util -L/usr/lib/x86_64-linux-gnu -lcurl '
XML_CPPFLAGS='-I/home/taji/anaconda2/include/libxml2'
XML_LIBS='-L/home/taji/anaconda2/lib -lxml2 -lz -lm -ldl'
ac_ct_AR='ar'
ac_ct_CC='gcc'
ac_ct_DUMPBIN=''
am__EXEEXT_FALSE=''
am__EXEEXT_TRUE='#'
am__fastdepCC_FALSE='#'
am__fastdepCC_TRUE=''
am__include='include'
am__isrc=''
am__leading_dot='.'
am__nodep='_no'
am__quote=''
am__tar='$${TAR-tar} chof - "$$tardir"'
am__untar='$${TAR-tar} xf -'
bindir='${exec_prefix}/bin'
build='x86_64-unknown-linux-gnu'
build_alias=''
build_cpu='x86_64'
build_os='linux-gnu'
build_vendor='unknown'
datadir='${datarootdir}'
datarootdir='${prefix}/share'
docdir='${datarootdir}/doc/${PACKAGE}'
dvidir='${docdir}'
exec_prefix='${prefix}'
host='x86_64-unknown-linux-gnu'
host_alias=''
host_cpu='x86_64'
host_os='linux-gnu'
host_vendor='unknown'
htmldir='${docdir}'
includedir='${prefix}/include'
infodir='${datarootdir}/info'
install_sh='${SHELL} /home/taji/tmp/hskymon/install-sh'
libdir='${exec_prefix}/lib'
libexecdir='${exec_prefix}/libexec'
localedir='${prefix}/${DATADIRNAME}/locale'
localstatedir='${prefix}/var'
mandir='${datarootdir}/man'
mkdir_p='$(MKDIR_P)'
oldincludedir='/usr/include'
pdfdir='${docdir}'
prefix='/usr/local'
program_transform_name='s,x,x,'
psdir='${docdir}'
sbindir='${exec_prefix}/sbin'
sharedstatedir='${prefix}/com'
sysconfdir='${prefix}/etc'
target='x86_64-unknown-linux-gnu'
target_alias=''
target_cpu='x86_64'
target_os='linux-gnu'
target_vendor='unknown'

## ----------- ##
## confdefs.h. ##
## ----------- ##

/* confdefs.h */
#define PACKAGE_NAME ""
#define PACKAGE_TARNAME ""
#define PACKAGE_VERSION ""
#define PACKAGE_STRING ""
#define PACKAGE_BUGREPORT ""
#define PACKAGE_URL ""
#define STDC_HEADERS 1
#define HAVE_SYS_TYPES_H 1
#define HAVE_SYS_STAT_H 1
#define HAVE_STDLIB_H 1
#define HAVE_STRING_H 1
#define HAVE_MEMORY_H 1
#define HAVE_STRINGS_H 1
#define HAVE_INTTYPES_H 1
#define HAVE_STDINT_H 1
#define HAVE_UNISTD_H 1
#define HAVE_DLFCN_H 1
#define LT_OBJDIR ".libs/"
#define HAVE_ALLOCA_H 1
#define HAVE_ALLOCA 1
#define HAVE_DIRENT_H 1
#define STDC_HEADERS 1
#define HAVE_SYS_WAIT_H 1
#define HAVE_PWD_H 1
#define HAVE_SYS_UTSNAME_H 1
#define USE_GTK2 /**/
#define USE_XMLRPC /**/
#define USE_SSL 1

configure: exit 0
