M110 , 004022.30, +414109.00, 2000.00, Vmag=10.0 
M 32 , 004241.87, +405157.20, 2000.00, Vmag=10.0 
M 31 , 004244.31, +411604.40, 2000.00, Vmag= 4.5 
M103 , 013312.00, +604200.00, 2000.00, Vmag= 7.0 
M 33 , 013351.02, +303936.70, 2000.00, Vmag= 7.0 
M 74 , 013641.84, +154659.60, 2000.00, Vmag=10.5 
M 76 , 014219.90, +513434.00, 2000.00, Vmag=12.0 
M 34 , 024200.00, +424700.00, 2000.00, Vmag= 6.0 
M 77 , 024240.83, -000048.40, 2000.00, Vmag=10.5 
M 45 , 034700.00, +240700.00, 2000.00, Vmag= 1.4 
M 79 , 052410.59, -243127.30, 2000.00, Vmag= 8.5 
M 38 , 052843.00, +355118.00, 2000.00, Vmag= 7.0 
M  1 , 053431.97, +220052.10, 2000.00, Vmag= 9.0 
M 43 , 053531.00, -051612.00, 2000.00, Vmag= 7.0 
M 36 , 053612.00, +340824.00, 2000.00, Vmag= 6.5 
M 42 , 053717.30, -052328.00, 2000.00, Vmag= 5.0 
M 78 , 054646.70, +000050.00, 2000.00, Vmag= 8.0 
M 37 , 055219.00, +323312.00, 2000.00, Vmag= 6.0 
M 35 , 060854.00, +242000.00, 2000.00, Vmag= 5.5 
M 41 , 064654.00, -204400.00, 2000.00, Vmag= 5.0 
M 50 , 070248.00, -082236.00, 2000.00, Vmag= 7.0 
M 47 , 073636.00, -143000.00, 2000.00, Vmag= 4.5 
M 46 , 074148.00, -144900.00, 2000.00, Vmag= 6.5 
M 93 , 074436.00, -235200.00, 2000.00, Vmag= 6.5 
M 48 , 081348.00, -054800.00, 2000.00, Vmag= 5.5 
M 44 , 084024.00, +194000.00, 2000.00, Vmag= 4.0 
M 67 , 085118.00, +115000.00, 2000.00, Vmag= 7.5 
M 81 , 095533.17, +690355.10, 2000.00, Vmag= 8.5 
M 82 , 095552.19, +694048.80, 2000.00, Vmag= 9.5 
M 95 , 104357.70, +114212.70, 2000.00, Vmag=11.0 
M 96 , 104645.78, +114910.20, 2000.00, Vmag=10.5 
M105 , 104749.75, +123454.60, 2000.00, Vmag=11.0 
M108 , 111131.29, +554031.00, 2000.00, Vmag=11.0 
M 97 , 111447.50, +550114.00, 2000.00, Vmag=12.0 
M 65 , 111855.78, +130532.30, 2000.00, Vmag=10.5 
M 66 , 112015.07, +125921.60, 2000.00, Vmag=10.0 
M109 , 115735.90, +532235.00, 2000.00, Vmag=11.0 
M 98 , 121348.37, +145358.00, 2000.00, Vmag=11.0 
M 99 , 121849.52, +142500.40, 2000.00, Vmag=10.5 
M106 , 121857.54, +471814.30, 2000.00, Vmag= 9.5 
M 61 , 122155.03, +042828.70, 2000.00, Vmag=10.5 
M 40 , 122224.00, +580500.00, 2000.00, Vmag= 9.0 
M100 , 122254.95, +154919.50, 2000.00, Vmag=10.5 
M 84 , 122503.74, +125313.10, 2000.00, Vmag=11.0 
M 85 , 122524.23, +181126.90, 2000.00, Vmag=10.5 
M 86 , 122612.20, +125644.50, 2000.00, Vmag=11.0 
M 49 , 122946.76, +075959.90, 2000.00, Vmag=10.0 
M 87 , 123049.42, +122328.00, 2000.00, Vmag=11.0 
M 88 , 123159.34, +142513.40, 2000.00, Vmag=11.0 
M 91 , 123526.43, +142946.80, 2000.00, Vmag=11.5 
M 89 , 123540.00, +123322.90, 2000.00, Vmag=11.5 
M 90 , 123650.08, +130945.70, 2000.00, Vmag=11.0 
M 58 , 123743.90, +114906.00, 2000.00, Vmag=11.0 
M 68 , 123928.01, -264434.90, 2000.00, Vmag= 9.0 
M104 , 123959.43, -113723.00, 2000.00, Vmag= 9.5 
M 59 , 124202.39, +113845.10, 2000.00, Vmag=11.5 
M 60 , 124340.19, +113308.90, 2000.00, Vmag=10.5 
M 94 , 125053.06, +410713.60, 2000.00, Vmag= 9.5 
M 64 , 125643.88, +214100.10, 2000.00, Vmag= 9.0 
M 53 , 131255.30, +181009.00, 2000.00, Vmag= 8.5 
M 63 , 131549.33, +420145.40, 2000.00, Vmag= 8.5 
M 51 , 132952.37, +471140.80, 2000.00, Vmag= 8.0 
M 83 , 133700.78, -295158.60, 2000.00, Vmag= 8.5 
M  3 , 134211.23, +282331.60, 2000.00, Vmag= 7.0 
M101 , 140312.48, +542055.30, 2000.00, Vmag= 8.5 
M102 , 150629.48, +554547.20, 2000.00, Vmag=10.5 
M  5 , 151833.75, +020457.70, 2000.00, Vmag= 7.0 
M 80 , 161702.51, -225830.40, 2000.00, Vmag= 8.5 
M  4 , 162335.41, -263131.90, 2000.00, Vmag= 7.5 
M107 , 163231.91, -130313.10, 2000.00, Vmag=10.0 
M 13 , 164141.44, +362736.90, 2000.00, Vmag= 7.0 
M 12 , 164714.52, -015652.10, 2000.00, Vmag= 8.0 
M 10 , 165708.99, -040557.60, 2000.00, Vmag= 7.5 
M 62 , 170112.60, -300644.50, 2000.00, Vmag= 8.0 
M 19 , 170237.69, -261604.60, 2000.00, Vmag= 8.5 
M 92 , 171707.27, +430811.50, 2000.00, Vmag= 7.5 
M  9 , 171911.78, -183058.50, 2000.00, Vmag= 9.0 
M 14 , 173736.15, -031445.30, 2000.00, Vmag= 9.5 
M  6 , 174006.00, -321300.00, 2000.00, Vmag= 4.5 
M  7 , 175354.00, -344900.00, 2000.00, Vmag= 3.5 
M 23 , 175648.00, -190100.00, 2000.00, Vmag= 6.0 
M 20 , 180223.00, -230148.00, 2000.00, Vmag= 5.0 
M  8 , 180337.00, -242312.00, 2000.00, Vmag= 5.0 
M 21 , 180436.00, -223000.00, 2000.00, Vmag= 7.0 
M 24 , 181824.00, -182500.00, 2000.00, Vmag=11.5 
M 16 , 181848.00, -134700.00, 2000.00, Vmag= 6.5 
M 18 , 181954.00, -170800.00, 2000.00, Vmag= 8.0 
M 17 , 182026.00, -161036.00, 2000.00, Vmag= 7.0 
M 28 , 182432.89, -245211.40, 2000.00, Vmag= 8.5 
M 69 , 183123.23, -322052.70, 2000.00, Vmag= 9.0 
M 25 , 183136.00, -191500.00, 2000.00, Vmag= 4.9 
M 22 , 183624.21, -235412.20, 2000.00, Vmag= 6.5 
M 70 , 184312.64, -321730.80, 2000.00, Vmag= 9.0 
M 26 , 184512.00, -092400.00, 2000.00, Vmag= 9.5 
M 11 , 185106.00, -061600.00, 2000.00, Vmag= 7.0 
M 57 , 185335.16, +330143.20, 2000.00, Vmag= 9.5 
M 54 , 185503.28, -302842.60, 2000.00, Vmag= 8.5 
M 56 , 191635.50, +301104.20, 2000.00, Vmag= 9.5 
M 55 , 193959.40, -305743.50, 2000.00, Vmag= 7.0 
M 71 , 195346.11, +184642.30, 2000.00, Vmag= 8.5 
M 27 , 195936.34, +224315.80, 2000.00, Vmag= 7.5 
M 75 , 200604.75, -215516.20, 2000.00, Vmag= 9.5 
M 29 , 202356.00, +383123.00, 2000.00, Vmag= 9.0 
M 72 , 205327.91, -123213.40, 2000.00, Vmag=10.0 
M 73 , 205900.00, -123800.00, 2000.00, Vmag= 9.0 
M 15 , 212958.38, +121000.60, 2000.00, Vmag= 7.5 
M 39 , 213212.00, +482600.00, 2000.00, Vmag= 5.5 
M  2 , 213327.01, -004923.90, 2000.00, Vmag= 7.5 
M 30 , 214022.03, -231044.60, 2000.00, Vmag= 8.5 
M 52 , 232412.00, +613500.00, 2000.00, Vmag= 8.0 
