PN H  1-62, 181317.96 , -321942.89, 2000.0, PN G 000.0-06.8
PN Al  2-J, 173535.50 , -272406.49, 2000.0, PN G 000.1+02.6
PN H  1-16, 172923.39 , -262604.99, 2000.0, PN G 000.1+04.3
PN PC   12, 164353.78 , -185711.99, 2000.0, PN G 000.1+17.2
PN M  3-43, 175024.34 , -292518.52, 2000.0, PN G 000.1-01.1
PN Bl  3-10, 175520.54 , -295736.13, 2000.0, PN G 000.1-02.3
PN H  2-40, 180830.76 , -313635.32, 2000.0, PN G 000.1-05.6
PN M  2-19, 175345.59 , -294346.88, 2000.0, PN G 000.2-01.9
WRAY 16-363, 180444.07 , -310247.40, 2000.0, PN G 000.2-04.6
PN G000.3+06.9, 172021.97 , -245152.23, 2000.0, PN G 000.3+06.9
IC 4634, 170133.57 , -214933.31, 2000.0, PN G 000.3+12.2
PN M  3-47, 175743.37 , -300229.91, 2000.0, PN G 000.3-02.8
PN M  2-28, 180502.73 , -305818.01, 2000.0, PN G 000.3-04.6
PN M  2-20, 175425.32 , -293608.21, 2000.0, PN G 000.4-01.9
PN M  3-19, 175819.36 , -300039.31, 2000.0, PN G 000.4-02.9
PN Al  2-Q, 175325.04 , -291708.73, 2000.0, PN G 000.5-01.6
PN KFL    1, 175915.58 , -300247.15, 2000.0, PN G 000.5-03.1
PN Bl  3-15, 175235.87 , -290638.59, 2000.0, PN G 000.6-01.3
PN H  2-32, 175624.33 , -293806.68, 2000.0, PN G 000.6-02.3
PN M  4-5, 173454.72 , -263557.30, 2000.0, PN G 000.7+03.2
PN H  2-11, 172925.97 , -254907.10, 2000.0, PN G 000.7+04.7
PN M  2-21, 175809.58 , -294420.11, 2000.0, PN G 000.7-02.7
PN M  3-22, 180219.24 , -301425.38, 2000.0, PN G 000.7-03.7
PN M  2-35, 181737.20 , -315646.79, 2000.0, PN G 000.7-07.4
PN Bl O, 175349.73 , -285911.57, 2000.0, PN G 000.8-01.5
PN H  2-46, 181837.45 , -315445.22, 2000.0, PN G 000.8-07.6
PN Bl  3-13, 175602.78 , -291116.58, 2000.0, PN G 000.9-02.0
PN M  3-23, 180706.16 , -303417.80, 2000.0, PN G 000.9-04.8
PN K  1-4, 174027.52 , -270102.10, 2000.0, PN G 001.0+01.9
PN Sa  3-104, 175825.80 , -292048.84, 2000.0, PN G 001.0-02.6
PN Sa  3-92, 175452.06 , -284855.34, 2000.0, PN G 001.1-01.6
WRAY 17-94, 174012.84 , -264421.91, 2000.0, PN G 001.2+02.1
PN H  1-47, 180037.62 , -292150.51, 2000.0, PN G 001.2-03.0
PN ShWi    5, 180353.69 , -295122.12, 2000.0, PN G 001.2-03.9
PN Bl M, 175347.12 , -282717.11, 2000.0, PN G 001.3-01.2
PN H  1-15, 172837.63 , -245107.20, 2000.0, PN G 001.4+05.3
PN ShWi    1, 180225.85 , -292505.41, 2000.0, PN G 001.4-03.4
PN SwSt    1, 181612.27 , -305208.01, 2000.0, PN G 001.5-06.7
PN Bl Q, 175434.94 , -281243.31, 2000.0, PN G 001.6-01.3
PN H  1-14, 172801.75 , -242523.41, 2000.0, PN G 001.7+05.7
PN H  2-31, 175602.35 , -281411.36, 2000.0, PN G 001.7-01.6
PN H  1-55, 180714.56 , -294124.50, 2000.0, PN G 001.7-04.4
PN H  1-56, 180753.89 , -294434.30, 2000.0, PN G 001.7-04.6
PN ShWi    7, 180505.53 , -292015.87, 2000.0, PN G 001.8-03.8
PN H  1-45, 175821.87 , -281452.30, 2000.0, PN G 002.0-02.0
PN M  2-33, 181506.56 , -301533.18, 2000.0, PN G 002.0-06.2
IC 4776, 184550.71 , -332034.12, 2000.0, PN G 002.0-13.4
PN PBOZ   24, 173751.14 , -252045.20, 2000.0, PN G 002.1+03.3
PN M  3-20, 175919.35 , -281348.22, 2000.0, PN G 002.1-02.2
PN H  1-54, 180707.28 , -291305.99, 2000.0, PN G 002.1-04.2
Terz N 2337, 174845.27 , -264328.80, 2000.0, PN G 002.2+00.5
PN KFL    2, 180059.92 , -281619.81, 2000.0, PN G 002.2-02.5
PN M  2-23, 180142.64 , -282544.18, 2000.0, PN G 002.2-02.7
PN H  1-63, 181619.35 , -300736.08, 2000.0, PN G 002.2-06.3
PN Cn  1-5, 182911.66 , -312959.16, 2000.0, PN G 002.2-09.4
PN G002.3+02.2, 174230.10 , -254528.69, 2000.0, PN G 002.3+02.2
PN H  2-37, 180428.87 , -283734.55, 2000.0, PN G 002.3-03.4
PN M  2-41, 182234.50 , -304331.01, 2000.0, PN G 002.3-07.8
NGC  6369, 172920.45 , -234534.81, 2000.0, PN G 002.4+05.8
WRAY 17-107, 180405.50 , -282752.99, 2000.0, PN G 002.4-03.2
PN M  1-38, 180605.74 , -284030.00, 2000.0, PN G 002.4-03.7
PN Pe  2-11, 175831.27 , -273705.81, 2000.0, PN G 002.5-01.7
PN KFL   14, 181301.11 , -292515.59, 2000.0, PN G 002.5-05.4
Terz N 1580, 174339.44 , -253642.51, 2000.0, PN G 002.6+02.1
PN Th  3-27, 173558.47 , -242529.15, 2000.0, PN G 002.6+04.2
PN H  1-11, 172117.74 , -221835.10, 2000.0, PN G 002.6+08.1
PN M  1-37, 180525.81 , -282204.30, 2000.0, PN G 002.6-03.4
PN M  1-42, 181104.99 , -285859.09, 2000.0, PN G 002.7-04.8
IC 5148, 215935.21 , -392308.16, 2000.0, PN G 002.7-52.4
PN H  2-20, 174539.81 , -254000.30, 2000.0, PN G 002.8+01.7
Terz N 1567, 174528.31 , -253810.41, 2000.0, PN G 002.8+01.8
PN Pe  2-12, 180110.27 , -273819.90, 2000.0, PN G 002.8-02.2
PN PBOZ    6, 172753.70 , -225718.67, 2000.0, PN G 002.9+06.5
PN H  2-39, 180805.76 , -282610.50, 2000.0, PN G 002.9-03.9
PN KFL    4, 180251.67 , -274059.59, 2000.0, PN G 003.0-02.6
PN Hb    4, 174152.80 , -244208.71, 2000.0, PN G 003.1+02.9
PN H  2-17, 174007.43 , -242542.60, 2000.0, PN G 003.1+03.4
PN KFL   12, 181030.81 , -281922.91, 2000.0, PN G 003.2-04.4
PN M  2-36, 181741.43 , -290819.90, 2000.0, PN G 003.2-06.2
EM* AS  283, 181135.10 , -282236.59, 2000.0, PN G 003.3-04.6
PN KFL   19, 182308.89 , -294325.17, 2000.0, PN G 003.3-07.5
PN H  2-43, 181247.99 , -281959.70, 2000.0, PN G 003.4-04.8
IC 4673, 180318.42 , -270622.50, 2000.0, PN G 003.5-02.4
NGC  6565, 181152.56 , -281042.35, 2000.0, PN G 003.5-04.6
PN M  2-14, 174157.27 , -241116.13, 2000.0, PN G 003.6+03.1
PN M  2-26, 180311.92 , -265831.19, 2000.0, PN G 003.6-02.3
PN H  2-8, 172445.77 , -213335.80, 2000.0, PN G 003.7+07.9
PN M  2-30, 181234.40 , -275810.49, 2000.0, PN G 003.7-04.6
PN H  2-15, 173426.82 , -225319.71, 2000.0, PN G 003.8+05.3
PN H  1-59, 181129.26 , -274615.69, 2000.0, PN G 003.8-04.3
PN H  2-41, 181223.77 , -275213.86, 2000.0, PN G 003.8-04.5
PN Hb    8, 190535.95 , -331137.90, 2000.0, PN G 003.8-17.1
PN G003.9+01.6, 174828.46 , -244125.07, 2000.0, PN G 003.9+01.6
PN M  1-35, 180339.30 , -264333.89, 2000.0, PN G 003.9-02.3
PN KFL    7, 180649.96 , -270616.09, 2000.0, PN G 003.9-03.1
PN Hb    7, 185537.81 , -321548.56, 2000.0, PN G 003.9-14.9
PN M  2-29, 180640.91 , -265456.38, 2000.0, PN G 004.0-03.0
PN Pe  1-12, 181742.38 , -281713.80, 2000.0, PN G 004.0-05.8
PN M  3-29, 183925.81 , -304037.20, 2000.0, PN G 004.0-11.1
PN KFL   11, 181012.24 , -271635.00, 2000.0, PN G 004.1-03.8
PN KFL   10, 180801.31 , -265401.52, 2000.0, PN G 004.2-03.2
PN H  1-60, 181225.22 , -272912.80, 2000.0, PN G 004.2-04.3
PN M  2-37, 181838.50 , -280801.55, 2000.0, PN G 004.2-05.9
PN H  2-24, 174836.54 , -241634.79, 2000.0, PN G 004.3+01.8
PN H  1-53, 180557.43 , -262942.00, 2000.0, PN G 004.3-02.6
NAME Kepler's SN, 173035.98 , -212856.23, 2000.0, PN G 004.5+06.8
PN H  1-24, 173337.57 , -214625.00, 2000.0, PN G 004.6+06.0
WRAY 16-417, 184414.62 , -301937.49, 2000.0, PN G 004.7-11.8
PN H  2-25, 174900.48 , -234254.59, 2000.0, PN G 004.8+02.0
PN M  3-26, 181611.44 , -271458.31, 2000.0, PN G 004.8-05.0
Hen 2-436, 193206.71 , -341257.49, 2000.0, PN G 004.8-22.7
PN M  1-25, 173830.32 , -220838.80, 2000.0, PN G 004.9+04.9
PN M  1-44, 181617.34 , -270430.61, 2000.0, PN G 004.9-04.9
PN Pe  1-9, 174536.89 , -230226.62, 2000.0, PN G 005.0+03.0
PN H  1-27, 174017.95 , -221918.01, 2000.0, PN G 005.0+04.4
PN H  2-42, 181223.26 , -263254.02, 2000.0, PN G 005.0-03.9
PN H  1-58, 180913.85 , -260228.90, 2000.0, PN G 005.1-03.0
PN Hf  2-2, 183230.94 , -284321.00, 2000.0, PN G 005.1-08.9
PN M  3-13, 174136.62 , -221303.00, 2000.0, PN G 005.2+04.2
PN M  3-12, 173622.63 , -213112.22, 2000.0, PN G 005.2+05.6
PN StWr  2-21, 191423.35 , -323417.00, 2000.0, PN G 005.2-18.6
PN PBOZ   34, 180525.51 , -251337.23, 2000.0, PN G 005.4-01.9
PN H  1-34, 174807.57 , -224647.33, 2000.0, PN G 005.5+02.7
PN M  3-11, 173521.44 , -205723.62, 2000.0, PN G 005.5+06.1
PN M  3-24, 180753.92 , -252402.70, 2000.0, PN G 005.5-02.5
PN H  2-44, 181340.45 , -260838.29, 2000.0, PN G 005.5-04.0
PN KFL   16, 181654.01 , -262324.22, 2000.0, PN G 005.6-04.7
PN KFL   13, 181245.08 , -254424.40, 2000.0, PN G 005.7-03.6
PN M  2-38, 181925.19 , -263520.18, 2000.0, PN G 005.7-05.3
PN H  2-16, 173955.61 , -211413.31, 2000.0, PN G 005.8+05.1
NGC  6620, 182254.18 , -264917.19, 2000.0, PN G 005.8-06.1
PN MaC  1-10, 180912.88 , -250433.27, 2000.0, PN G 005.9-02.6
PN Th  4-3, 174837.39 , -221648.79, 2000.0, PN G 006.0+02.8
PN M  1-28, 174738.30 , -220620.16, 2000.0, PN G 006.0+03.1
PN M  2-31, 181316.05 , -253005.29, 2000.0, PN G 006.0-03.6
PN PRMG    1, 210553.56 , -370840.26, 2000.0, PN G 006.0-41.9
PN M  1-20, 172857.61 , -191553.94, 2000.0, PN G 006.1+08.3
PN HaTr    8, 175555.95 , -225901.00, 2000.0, PN G 006.2+01.0
PN KFL   15, 181419.32 , -252051.22, 2000.0, PN G 006.2-03.7
PN H  2-22, 174733.93 , -214723.11, 2000.0, PN G 006.3+03.3
PN H  2-18, 174328.75 , -210951.29, 2000.0, PN G 006.3+04.4
PN M  1-31, 175241.44 , -222156.99, 2000.0, PN G 006.4+02.0
PN Pe  2-13, 181813.41 , -253810.39, 2000.0, PN G 006.4-04.6
PN H  1-61, 181233.99 , -245000.49, 2000.0, PN G 006.5-03.1
PN M  1-41, 180930.10 , -241225.99, 2000.0, PN G 006.7-02.2
PN Pe  2-10, 175337.22 , -215841.81, 2000.0, PN G 006.8+02.0
PN Th  4-7, 175222.57 , -215113.43, 2000.0, PN G 006.8+02.3
PN M  3-15, 174531.71 , -205801.57, 2000.0, PN G 006.8+04.1
PN H  2-45, 181428.84 , -244338.35, 2000.0, PN G 006.8-03.4
PN Al    1, 183455.26 , -270619.51, 2000.0, PN G 006.8-08.6
WRAY 16-423, 192210.63 , -313038.70, 2000.0, PN G 006.8-19.8
PN M  1-24, 173811.59 , -193737.64, 2000.0, PN G 007.0+06.3
PN H  1-66, 182457.54 , -254155.76, 2000.0, PN G 007.0-06.0
PN Vy  2-1, 182759.62 , -260648.10, 2000.0, PN G 007.0-06.8
IC 4670, 175507.03 , -214440.04, 2000.0, PN G 007.2+01.8
PN Th  4-1, 174620.82 , -201348.29, 2000.0, PN G 007.5+04.3
PN M  1-22, 173510.24 , -183420.41, 2000.0, PN G 007.5+07.4
PN M  1-23, 173722.01 , -184641.81, 2000.0, PN G 007.6+06.9
PN M  2-34, 181715.90 , -235853.69, 2000.0, PN G 007.8-03.7
PN H  1-65, 182008.85 , -241505.00, 2000.0, PN G 007.8-04.4
PN MaC  1-4, 172638.09 , -164830.10, 2000.0, PN G 007.9+10.1
NGC  6445, 174915.21 , -200034.49, 2000.0, PN G 008.0+03.9
PN M  2-39, 182201.15 , -241039.79, 2000.0, PN G 008.1-04.7
PN SaSt  2-15, 173857.37 , -181735.80, 2000.0, PN G 008.2+06.8
PN M  2-42, 182232.08 , -240927.68, 2000.0, PN G 008.2-04.8
PN M  1-40, 180825.99 , -221652.93, 2000.0, PN G 008.3-01.1
NGC  6644, 183234.70 , -250744.18, 2000.0, PN G 008.3-07.3
PN H  1-64, 181823.90 , -232457.20, 2000.0, PN G 008.4-03.6
PN MaC  1-11, 181450.89 , -224355.70, 2000.0, PN G 008.6-02.6
WRAY 16-413, 183152.88 , -244617.51, 2000.0, PN G 008.6-07.0
PN Th  4-2, 174609.81 , -183930.89, 2000.0, PN G 008.8+05.2
PN Th  4-5, 175028.38 , -190310.01, 2000.0, PN G 009.0+04.1
PN Th  4-9, 175600.60 , -192926.70, 2000.0, PN G 009.3+02.8
PN Th  4-6, 175057.24 , -184648.40, 2000.0, PN G 009.3+04.1
NGC  6629, 182542.46 , -231210.23, 2000.0, PN G 009.4-05.0
PN M  3-32, 184443.03 , -252134.81, 2000.0, PN G 009.4-09.8
PN A66   41, 172902.03 , -151304.40, 2000.0, PN G 009.6+10.5
NGC  6309, 171404.30 , -125435.74, 2000.0, PN G 009.6+14.8
PN M  3-33, 184812.16 , -252852.65, 2000.0, PN G 009.6-10.6
PN H  1-67, 182504.98 , -223452.64, 2000.0, PN G 009.8-04.6
PN G009.8-07.5, 183622.82 , -235518.26, 2000.0, PN G 009.8-07.5
NGC  6537, 180513.10 , -195034.88, 2000.0, PN G 010.1+00.7
PN M  2-17, 175204.90 , -173605.23, 2000.0, PN G 010.4+04.5
PN Th  4-10, 175706.60 , -180643.43, 2000.0, PN G 010.6+03.2
PN Sa  2-230, 174202.01 , -155607.46, 2000.0, PN G 010.7+07.4
IC 4732, 183354.65 , -223840.99, 2000.0, PN G 010.7-06.4
PN Pe  1-13, 183451.57 , -224318.41, 2000.0, PN G 010.7-06.7
PN M  2-9, 170537.95 , -100834.58, 2000.0, PN G 010.8+18.0
NGC  6578, 181616.52 , -202702.67, 2000.0, PN G 010.8-01.8
NGC  6439, 174819.82 , -162844.42, 2000.0, PN G 011.0+05.8
PN M  2-15, 174654.45 , -161724.80, 2000.0, PN G 011.0+06.2
PN M  1-47, 182911.15 , -214654.08, 2000.0, PN G 011.0-05.1
PN Sa  2-237, 174442.28 , -154511.45, 2000.0, PN G 011.1+07.0
PN M  2-13, 172834.19 , -132620.62, 2000.0, PN G 011.1+11.5
PN Th  4-11, 180008.78 , -174043.50, 2000.0, PN G 011.3+02.8
PN H  2-48, 184635.12 , -232648.19, 2000.0, PN G 011.3-09.4
PN M  1-43, 181148.91 , -184621.22, 2000.0, PN G 011.7-00.0
NGC  6567, 181345.17 , -190434.21, 2000.0, PN G 011.7-00.6
PN M  1-55, 183633.86 , -214902.69, 2000.0, PN G 011.7-06.6
PN M  1-32, 175620.11 , -162904.60, 2000.0, PN G 011.9+04.2
PN HuBi    1, 175421.13 , -155552.00, 2000.0, PN G 012.2+04.9
PN M  1-62, 185026.05 , -223422.80, 2000.0, PN G 012.5-09.8
PN M  1-45, 182307.98 , -191705.39, 2000.0, PN G 012.6-02.7
PN Pe  2-14, 182959.54 , -194037.74, 2000.0, PN G 013.0-04.3
PN M  1-33, 175858.81 , -153214.78, 2000.0, PN G 013.1+04.1
PN Sn    1, 162104.41 , -001610.70, 2000.0, PN G 013.3+32.7
PN M  1-48, 182930.03 , -190544.48, 2000.0, PN G 013.4-03.9
PN Y-C  2-32, 185530.68 , -214939.90, 2000.0, PN G 013.7-10.6
PN SaWe    3, 182604.37 , -181231.10, 2000.0, PN G 013.8-02.8
PN PC   21, 184535.21 , -203458.32, 2000.0, PN G 013.8-07.9
PN V-V  3-5, 183632.24 , -191928.99, 2000.0, PN G 014.0-05.5
PN Sa  3-111, 180106.75 , -143021.31, 2000.0, PN G 014.2+04.2
PN M  3-31, 184401.77 , -195452.60, 2000.0, PN G 014.2-07.3
PN V-V    3, 183711.11 , -190221.91, 2000.0, PN G 014.3-05.5
PN M  1-50, 183320.88 , -181637.09, 2000.0, PN G 014.6-04.3
PN SaWe    4, 190216.10 , -212651.00, 2000.0, PN G 014.7-11.8
PN HDW   12, 195813.10 , -262815.96, 2000.0, PN G 014.8-25.6
PN K  2-5, 175426.18 , -124835.95, 2000.0, PN G 014.9+06.4
PN SaSt  3-166, 182911.27 , -172712.90, 2000.0, PN G 014.9-03.1
PN M  1-53, 183548.27 , -173608.71, 2000.0, PN G 015.4-04.5
PN A66   44, 183011.24 , -164526.32, 2000.0, PN G 015.6-03.0
PN M  1-39, 180730.72 , -132848.72, 2000.0, PN G 015.9+03.3
PN A66   42, 173129.07 , -081910.16, 2000.0, PN G 016.0+13.5
PN M  1-54, 183608.36 , -165957.02, 2000.0, PN G 016.0-04.3
PN M  1-56, 183746.27 , -170546.79, 2000.0, PN G 016.1-04.7
PN M  1-46, 182756.31 , -153254.60, 2000.0, PN G 016.4-01.9
PN Sa  3-134, 182919.82 , -150739.90, 2000.0, PN G 016.9-02.0
PN A66   65, 194634.21 , -230812.94, 2000.0, PN G 017.3-21.9
PN A66   51, 190101.39 , -181215.27, 2000.0, PN G 017.6-10.2
PN M  1-52, 183358.50 , -145226.62, 2000.0, PN G 017.7-02.9
PN M  3-30, 184114.94 , -153343.58, 2000.0, PN G 017.9-04.8
PN Na    1, 171251.89 , -031559.69, 2000.0, PN G 018.0+20.1
PN M  3-54, 183303.74 , -134419.95, 2000.0, PN G 018.6-02.2
PN M  4-8, 181209.61 , -104258.39, 2000.0, PN G 018.9+03.6
PN M  3-52, 181026.48 , -102903.08, 2000.0, PN G 018.9+04.1
PN M  4-10, 183413.85 , -131224.70, 2000.0, PN G 019.2-02.2
PN M  1-61, 184555.12 , -142737.91, 2000.0, PN G 019.4-05.3
PN DeHt    3, 191704.17 , -180137.14, 2000.0, PN G 019.4-13.6
PN K  2-7, 194029.09 , -202705.80, 2000.0, PN G 019.4-19.6
PN M  3-25, 181516.97 , -101009.47, 2000.0, PN G 019.7+03.2
PN M  1-60, 184338.13 , -134448.91, 2000.0, PN G 019.7-04.5
PN CTS    1, 180659.79 , -085532.80, 2000.0, PN G 019.8+05.6
PN A66   66, 195731.53 , -213644.65, 2000.0, PN G 019.8-23.7
PN M  3-53, 182407.92 , -110642.35, 2000.0, PN G 019.9+00.9
PN A66   45, 183015.42 , -113657.43, 2000.0, PN G 020.2-00.6
PN Sa  1-8, 185044.33 , -133102.71, 2000.0, PN G 020.7-05.9
PN M  1-51, 183329.05 , -110726.51, 2000.0, PN G 020.9-01.1
PN M  1-63, 185130.96 , -131036.58, 2000.0, PN G 021.1-05.9
PN G021.2-03.9, 184406.23 , -121257.15, 2000.0, PN G 021.2-03.9
PN M  3-55, 183314.77 , -101519.45, 2000.0, PN G 021.7-00.6
PN M  3-28, 183241.29 , -100550.03, 2000.0, PN G 021.8-00.4
PN VV  201, 184256.98 , -110653.10, 2000.0, PN G 022.0-03.1
PN M  1-57, 184020.25 , -103947.30, 2000.0, PN G 022.1-02.4
PN MaC  1-13, 182835.24 , -084322.82, 2000.0, PN G 022.5+01.0
PN MA    2, 181513.38 , -065712.20, 2000.0, PN G 022.5+04.8
PN MA    3, 181749.40 , -064821.38, 2000.0, PN G 023.0+04.3
PN MaC  1-16, 190121.76 , -115819.99, 2000.0, PN G 023.3-07.6
PN K  3-11, 184107.31 , -085558.97, 2000.0, PN G 023.8-01.7
PN MA   13, 183030.39 , -072738.20, 2000.0, PN G 023.9+01.2
PN M  1-59, 184320.20 , -090449.12, 2000.0, PN G 023.9-02.3
PN M  2-40, 182123.86 , -060155.24, 2000.0, PN G 024.1+03.8
PN M  4-9, 181418.41 , -045922.09, 2000.0, PN G 024.2+05.9
PN M  4-11, 185417.67 , -100514.49, 2000.0, PN G 024.2-05.2
PN Pe  1-17, 184748.80 , -090906.93, 2000.0, PN G 024.3-03.3
PN M  2-46, 184634.61 , -082802.10, 2000.0, PN G 024.8-02.7
PN A66   60, 191917.82 , -121436.78, 2000.0, PN G 025.0-11.6
IC 4593, 161144.54 , +120417.06, 2000.0, PN G 025.3+40.8
PN K  4-8, 185420.01 , -084733.29, 2000.0, PN G 025.3-04.6
IC 1295, 185437.21 , -084939.08, 2000.0, PN G 025.4-04.7
NGC  6818, 194358.02 , -140913.44, 2000.0, PN G 025.8-17.9
PN Pe  1-14, 184208.04 , -064055.31, 2000.0, PN G 025.9-00.9
PN Pe  1-15, 184624.35 , -071435.02, 2000.0, PN G 025.9-02.1
EM* AS  350, 191819.55 , -110616.22, 2000.0, PN G 025.9-10.9
PN Pe  2-15, 184527.54 , -065657.43, 2000.0, PN G 026.0-01.8
PN Pe  1-16, 184732.25 , -065403.52, 2000.0, PN G 026.3-02.2
PN Pe  1-19, 184944.64 , -070135.03, 2000.0, PN G 026.5-03.0
PN K  4-5, 184536.65 , -061840.08, 2000.0, PN G 026.6-01.5
PN Pe  1-18, 184846.45 , -055607.71, 2000.0, PN G 027.3-02.1
PN A66   49, 185328.29 , -062846.83, 2000.0, PN G 027.3-03.4
PN Vy  1-4, 185401.89 , -062620.11, 2000.0, PN G 027.4-03.5
PN M  2-43, 182640.05 , -024257.31, 2000.0, PN G 027.6+04.2
PN DeHt    2, 174140.90 , +030657.31, 2000.0, PN G 027.6+16.9
IC 4846, 191628.22 , -090236.49, 2000.0, PN G 027.6-09.6
PN M  2-45, 183921.88 , -041950.99, 2000.0, PN G 027.7+00.7
PN WeSb    3, 180600.77 , +002238.57, 2000.0, PN G 028.0+10.2
PN Pe  1-20, 185717.35 , -055951.79, 2000.0, PN G 028.2-04.0
PN M  2-44, 183736.94 , -030557.01, 2000.0, PN G 028.5+01.6
PN K  3-2, 182500.56 , -013052.49, 2000.0, PN G 028.5+05.1
PN K  3-7, 183413.60 , -022737.12, 2000.0, PN G 028.7+02.7
PN Pe  1-21, 185749.64 , -052739.73, 2000.0, PN G 028.7-03.9
PN A66   48, 184246.92 , -031317.18, 2000.0, PN G 029.0+00.4
PN G029.2+00.0, 184453.38 , -032032.89, 2000.0, PN G 029.2-00.0
NGC  6751, 190555.56 , -055932.75, 2000.0, PN G 029.2-05.9
PN LSA    1, 191355.69 , -061852.20, 2000.0, PN G 029.8-07.8
SH  2-68, 182458.41 , +005135.89, 2000.0, PN G 030.6+06.2
PN A66   47, 183522.57 , -001351.10, 2000.0, PN G 030.8+03.4
PN K  3-6, 183317.48 , +001147.11, 2000.0, PN G 031.0+04.1
PN M  3-34, 192701.88 , -063504.81, 2000.0, PN G 031.0-10.8
PN K  3-3, 182709.24 , +011424.33, 2000.0, PN G 031.2+05.9
PN HaTr   10, 185024.74 , -014019.90, 2000.0, PN G 031.3-00.5
PN PC   20, 184303.47 , -001637.73, 2000.0, PN G 031.7+01.7
PN WeSb    4, 185040.30 , -010311.16, 2000.0, PN G 031.9-00.3
PN K  3-18, 190034.83 , -021157.95, 2000.0, PN G 032.0-03.0
PN PC   19, 182444.53 , +022928.10, 2000.0, PN G 032.1+07.0
PN K  3-20, 190210.16 , -014845.40, 2000.0, PN G 032.5-03.2
PN K  3-4, 183100.23 , +022527.35, 2000.0, PN G 032.7+05.6
PN M  1-66, 185826.24 , -010345.61, 2000.0, PN G 032.7-02.0
PN K  3-1, 182321.73 , +033628.19, 2000.0, PN G 032.9+07.8
PN K  3-19, 190136.58 , -011907.85, 2000.0, PN G 032.9-02.8
PN A66   55, 191025.77 , -022023.46, 2000.0, PN G 033.0-05.3
NGC  6772, 191436.37 , -024225.04, 2000.0, PN G 033.1-06.3
PN Sa  3-151, 185851.72 , -003254.24, 2000.0, PN G 033.2-01.9
NGC  6741, 190237.10 , -002656.69, 2000.0, PN G 033.8-02.6
PN K  3-13, 184524.64 , +020125.10, 2000.0, PN G 034.0+02.2
PN HDW   11, 193107.20 , -034231.50, 2000.0, PN G 034.1-10.5
PN K  3-5, 183145.83 , +040509.20, 2000.0, PN G 034.3+06.2
NGC  6778, 191825.01 , -013547.04, 2000.0, PN G 034.5-06.7
NGC  6572, 181206.37 , +065113.01, 2000.0, PN G 034.6+11.8
[DLW84] G35.2S, 185810.48 , +013657.25, 2000.0, PN G 035.1-00.7
PN K  3-26, 191439.18 , +001336.29, 2000.0, PN G 035.7-05.0
SH  2-71, 190200.29 , +020910.96, 2000.0, PN G 035.9-01.1
PN A66   43, 175332.27 , +103724.20, 2000.0, PN G 036.0+17.6
NGC  7293, 222938.54 , -205013.64, 2000.0, PN G 036.1-57.1
PN HaTr   11, 190259.37 , +030220.77, 2000.0, PN G 036.9-01.1
PN HaTr   13, 190802.15 , +022124.25, 2000.0, PN G 036.9-02.6
PN A66   58, 191820.48 , +014659.62, 2000.0, PN G 037.5-05.1
NGC  7009, 210410.88 , -112148.26, 2000.0, PN G 037.7-34.5
NGC  6790, 192256.97 , +013046.46, 2000.0, PN G 037.8-06.3
PN A66   56, 191306.13 , +025247.90, 2000.0, PN G 037.9-03.4
PN A66   70, 203133.21 , -070517.81, 2000.0, PN G 038.1-25.4
PN Cn  3-1, 181734.11 , +100903.47, 2000.0, PN G 038.2+12.0
PN K  4-19, 191322.60 , +032500.19, 2000.0, PN G 038.4-03.3
PN YM   16, 185457.30 , +060231.06, 2000.0, PN G 038.7+01.9
PN M  1-69, 191353.89 , +033741.78, 2000.0, PN G 038.7-03.3
PN M  2-47, 191334.55 , +043804.09, 2000.0, PN G 039.5-02.7
PN K  3-17, 185618.16 , +070725.88, 2000.0, PN G 039.8+02.1
PN A66   53, 190645.91 , +062352.47, 2000.0, PN G 040.3-00.4
PN K  3-30, 191627.70 , +051319.42, 2000.0, PN G 040.4-03.1
PN HaTr   14, 190913.70 , +070544.41, 2000.0, PN G 041.2-00.6
PN K  3-15, 185141.54 , +095452.60, 2000.0, PN G 041.8+04.4
NGC  6781, 191828.09 , +063219.29, 2000.0, PN G 041.8-02.9
PN K  3-14, 184832.81 , +103550.71, 2000.0, PN G 042.0+05.4
NGC  6852, 200039.21 , +014340.05, 2000.0, PN G 042.5-14.5
NGC  6807, 193433.53 , +054102.51, 2000.0, PN G 042.9-06.9
PN M  4-14, 192100.72 , +073652.37, 2000.0, PN G 043.0-03.0
PN M  1-65, 185633.64 , +105209.70, 2000.0, PN G 043.1+03.8
NGC  6210, 164429.49 , +234759.68, 2000.0, PN G 043.1+37.7
IRAS 18599+1013, 190217.82 , +101733.50, 2000.0, PN G 043.3+02.2
PN M  3-27, 182748.26 , +142906.11, 2000.0, PN G 043.3+11.6
PN A66   67, 195827.04 , +030300.22, 2000.0, PN G 043.5-13.4
PN K  3-16, 185301.59 , +121600.19, 2000.0, PN G 044.0+05.2
PN CTSS    2, 185046.87 , +123729.78, 2000.0, PN G 044.1+05.8
PN We  3-1, 183402.31 , +144910.16, 2000.0, PN G 044.3+10.4
PN K  3-36, 193239.56 , +072751.57, 2000.0, PN G 044.3-05.6
PN Vy  2-2, 192422.22 , +095356.29, 2000.0, PN G 045.4-02.7
PN K  3-22, 190926.60 , +120044.60, 2000.0, PN G 045.6+01.5
PN K  1-14, 174236.76 , +212702.48, 2000.0, PN G 045.6+24.3
NGC  6804, 193135.14 , +091331.40, 2000.0, PN G 045.7-04.5
PN K  3-33, 192226.67 , +104121.30, 2000.0, PN G 045.9-01.9
PN PB    9, 192744.80 , +102420.93, 2000.0, PN G 046.3-03.1
NGC  6803, 193116.47 , +100321.71, 2000.0, PN G 046.4-04.1
PN G046.8+02.9, 190622.98 , +134445.70, 2000.0, PN G 046.8+02.9
SH  2-78, 190310.09 , +140658.89, 2000.0, PN G 046.8+03.8
PN A66   39, 162733.71 , +275433.52, 2000.0, PN G 047.0+42.4
PN K  3-21, 190240.40 , +142848.79, 2000.0, PN G 047.1+04.1
PN A66   62, 193317.69 , +103703.51, 2000.0, PN G 047.1-04.2
PN PB   10, 192814.49 , +121937.11, 2000.0, PN G 048.0-02.3
PN K  3-29, 191530.55 , +140349.90, 2000.0, PN G 048.1+01.1
PN K  4-16, 190451.50 , +154739.01, 2000.0, PN G 048.5+04.2
PN M  4-13, 191338.42 , +145919.10, 2000.0, PN G 048.7+01.9
PN K  3-24, 191205.88 , +150904.50, 2000.0, PN G 048.7+02.3
PN DeHt    4, 192626.66 , +131934.71, 2000.0, PN G 048.7-01.5
PN H  4-1, 125927.77 , +273810.50, 2000.0, PN G 049.3+88.1
PN M  4-12, 191305.24 , +154639.80, 2000.0, PN G 049.4+02.4
Hen 2-427, 191130.87 , +165138.20, 2000.0, PN G 050.1+03.3
PN A66   52, 190432.34 , +175707.13, 2000.0, PN G 050.4+05.2
PN K  4-28, 193016.67 , +144721.84, 2000.0, PN G 050.4-01.6
PN WhMe    1, 191459.73 , +172245.98, 2000.0, PN G 051.0+02.8
EM* AS  345, 191404.13 , +173133.10, 2000.0, PN G 051.0+03.0
PN PC   22, 194203.51 , +135037.33, 2000.0, PN G 051.0-04.5
NAME TCSS PN, 191918.71 , +171148.98, 2000.0, PN G 051.3+01.8
PN Hu  2-1, 184947.57 , +205039.46, 2000.0, PN G 051.4+09.6
PN K  1-17, 190337.35 , +192122.79, 2000.0, PN G 051.5+06.1
PN K  1-15, 174456.58 , +272007.01, 2000.0, PN G 051.9+25.8
PN M  1-73, 194109.29 , +145658.81, 2000.0, PN G 051.9-03.8
PN K  4-10, 185903.79 , +203700.89, 2000.0, PN G 052.2+07.6
PN M  1-74, 194218.78 , +150908.32, 2000.0, PN G 052.2-04.0
PN Me  1-1, 193909.82 , +155648.19, 2000.0, PN G 052.5-02.9
PN K  3-31, 191902.65 , +190221.08, 2000.0, PN G 052.9+02.7
PN K  3-41, 193915.86 , +162046.72, 2000.0, PN G 052.9-02.7
PN K  3-38, 193518.35 , +171300.71, 2000.0, PN G 053.2-01.5
PN A66   59, 191840.00 , +193432.95, 2000.0, PN G 053.3+03.0
PN Vy  1-2, 175422.98 , +275958.09, 2000.0, PN G 053.3+24.0
PN A66   63, 194210.30 , +170514.41, 2000.0, PN G 053.8-03.0
NGC  6891, 201508.84 , +124215.63, 2000.0, PN G 054.1-12.1
PN M  1-72, 194133.98 , +174517.50, 2000.0, PN G 054.4-02.5
PN K  3-43, 194025.91 , +184914.20, 2000.0, PN G 055.1-01.8
Hen 2-432, 192324.81 , +210800.38, 2000.0, PN G 055.2+02.8
Hen 1-1, 192346.85 , +210637.51, 2000.0, PN G 055.3+02.7
PN A66   54, 190839.52 , +225859.59, 2000.0, PN G 055.3+06.6
PN A66   46, 183118.29 , +265612.86, 2000.0, PN G 055.4+16.0
PN M  1-71, 193626.92 , +194224.08, 2000.0, PN G 055.5-00.5
Hen 1-2, 192637.75 , +210927.00, 2000.0, PN G 055.6+02.1
PN K  3-35, 192744.02 , +213003.38, 2000.0, PN G 056.0+02.0
PN K  3-42, 193935.78 , +201901.87, 2000.0, PN G 056.4-00.9
PN K  3-51, 200236.39 , +173649.90, 2000.0, PN G 056.8-06.9
NGC  6879, 201026.70 , +165521.40, 2000.0, PN G 057.2-08.9
Hen 2-447, 194522.16 , +212003.91, 2000.0, PN G 057.9-01.5
IC 4997, 202008.74 , +164353.71, 2000.0, PN G 058.3-10.9
PN A66   57, 191705.73 , +253733.41, 2000.0, PN G 058.6+06.1
PN WeSb    5, 200142.00 , +195439.82, 2000.0, PN G 058.6-05.5
PN K  3-40, 193621.81 , +233947.70, 2000.0, PN G 058.9+01.3
PN K  3-34, 192402.74 , +251847.56, 2000.0, PN G 059.0+04.6
Hen 1-3, 194826.38 , +220836.91, 2000.0, PN G 059.0-01.7
PN K  3-37, 193346.75 , +243227.10, 2000.0, PN G 059.4+02.3
PN A66   72, 205002.05 , +133329.59, 2000.0, PN G 059.7-18.7
PN K  3-39, 193554.47 , +245448.20, 2000.0, PN G 059.9+02.0
PN A66   68, 200010.61 , +214255.43, 2000.0, PN G 060.0-04.3
NGC  6886, 201242.83 , +195922.60, 2000.0, PN G 060.1-07.7
Hen 1-5, 201156.06 , +202004.37, 2000.0, PN G 060.3-07.3
PN HuDo    1, 193852.10 , +250532.60, 2000.0, PN G 060.4+01.5
Hen 2-440, 193808.35 , +251541.04, 2000.0, PN G 060.5+01.8
PN K  3-45, 194615.63 , +241103.67, 2000.0, PN G 060.5-00.3
M  27, 195936.38 , +224315.75, 2000.0, PN G 060.8-03.6
PN K  3-27, 191429.97 , +284045.49, 2000.0, PN G 061.0+08.0
Hen 2-437, 193257.50 , +265241.16, 2000.0, PN G 061.3+03.6
NGC  6905, 202222.99 , +200616.25, 2000.0, PN G 061.4-09.5
Hen 2-442, 193943.35 , +262933.01, 2000.0, PN G 061.8+02.1
PN DdDm    1, 164018.15 , +384220.02, 2000.0, PN G 061.9+41.3
NGC  6765, 191106.46 , +303242.52, 2000.0, PN G 062.4+09.5
PN M  2-48, 195028.53 , +255429.48, 2000.0, PN G 062.4-00.2
M  57, 185335.08 , +330145.03, 2000.0, PN G 063.1+13.9
PN K  3-54, 200458.63 , +252637.28, 2000.0, PN G 063.8-03.3
NGC  6058, 160426.54 , +404058.93, 2000.0, PN G 064.6+48.2
HD 184738, 193445.23 , +303058.95, 2000.0, PN G 064.7+05.0
PN M  1-64, 185002.09 , +351436.10, 2000.0, PN G 064.9+15.5
PN K  3-53, 200322.46 , +270054.79, 2000.0, PN G 064.9-02.1
PN VV'  550, 212959.38 , +121027.52, 2000.0, PN G 065.0-27.3
PN G065.1-03.5, 200904.96 , +262654.13, 2000.0, PN G 065.1-03.5
Hen 1-6, 201721.42 , +252146.78, 2000.0, PN G 065.2-05.6
NGC  6842, 195502.14 , +291722.20, 2000.0, PN G 065.9+00.5
NGC  7094, 213652.97 , +124719.00, 2000.0, PN G 066.7-28.2
PN K  4-37, 195100.60 , +310228.90, 2000.0, PN G 066.9+02.2
Hen 1-7, 201938.12 , +270010.94, 2000.0, PN G 066.9-05.2
PN K  3-52, 200311.44 , +303234.12, 2000.0, PN G 067.9-00.2
Hen 2-459, 201357.89 , +293355.91, 2000.0, PN G 068.3-02.7
EM* AS  375, 195918.01 , +315439.14, 2000.0, PN G 068.6+01.1
PN K  4-41, 195634.03 , +322212.96, 2000.0, PN G 068.7+01.9
PN PC   23, 195152.72 , +325917.81, 2000.0, PN G 068.7+03.0
PN Sp  4-1, 190026.55 , +382107.27, 2000.0, PN G 068.7+14.8
PN M  1-75, 200444.14 , +312727.72, 2000.0, PN G 068.8-00.0
PN K  3-49, 195400.62 , +332212.53, 2000.0, PN G 069.2+02.8
PN K  3-46, 195000.31 , +334551.84, 2000.0, PN G 069.2+03.8
NGC  6894, 201623.96 , +303353.17, 2000.0, PN G 069.4-02.6
PN K  3-58, 202158.28 , +295921.08, 2000.0, PN G 069.6-03.9
PN K  3-55, 200656.25 , +321636.80, 2000.0, PN G 069.7-00.0
PN M  3-35, 202103.77 , +322924.00, 2000.0, PN G 071.6-02.3
PN K  3-57, 201247.72 , +342032.79, 2000.0, PN G 072.1+00.1
PN A66   74, 211652.27 , +240851.79, 2000.0, PN G 072.7-17.1
PN K  3-76, 202504.88 , +333450.23, 2000.0, PN G 073.0-02.4
NGC  6881, 201052.45 , +372442.41, 2000.0, PN G 074.5+02.1
PN G075.6+04.3, 200416.10 , +393532.89, 2000.0, PN G 075.6+04.3
PN Sa  4-1, 171350.35 , +491610.99, 2000.0, PN G 075.7+35.8
PN A66   69, 201958.34 , +382402.16, 2000.0, PN G 076.3+01.1
PN KjPn    3, 201715.44 , +385023.60, 2000.0, PN G 076.4+01.8
EM* AS  389, 201224.02 , +404529.44, 2000.0, PN G 077.5+03.7
PN A66   61, 191910.20 , +461452.36, 2000.0, PN G 077.6+14.7
PN KjPn    2, 201522.19 , +403444.62, 2000.0, PN G 077.7+03.1
PN K  4-53, 204216.74 , +374025.58, 2000.0, PN G 078.3-02.7
NGC  6742, 185920.03 , +482755.24, 2000.0, PN G 078.5+18.7
PN Dd    1, 200843.08 , +423011.19, 2000.0, PN G 078.6+05.2
PN Sd    1, 202918.93 , +401520.60, 2000.0, PN G 078.9+00.7
PN M  4-17, 200901.93 , +434343.54, 2000.0, PN G 079.6+05.8
PN K  3-56, 200655.39 , +441418.65, 2000.0, PN G 079.9+06.4
PN A66   78, 213529.38 , +314145.31, 2000.0, PN G 081.2-14.9
NGC  6884, 201023.66 , +462739.82, 2000.0, PN G 082.1+07.0
NGC  6833, 194946.58 , +485740.21, 2000.0, PN G 082.5+11.3
NGC  6826, 194448.15 , +503130.26, 2000.0, PN G 083.5+12.7
PN K  3-81, 212215.35 , +380714.81, 2000.0, PN G 083.9-08.4
PN K  3-73, 200359.95 , +491906.15, 2000.0, PN G 084.0+09.5
PN K  4-55, 204510.02 , +443914.58, 2000.0, PN G 084.2+01.0
PN K  3-80, 210739.65 , +405752.39, 2000.0, PN G 084.2-04.2
PN A66   71, 203223.22 , +472050.41, 2000.0, PN G 084.9+04.4
NGC  7027, 210701.75 , +421409.96, 2000.0, PN G 084.9-03.4
PN G086.1+05.4, 203152.38 , +485249.85, 2000.0, PN G 086.1+05.4
PN Hu  1-2, 213308.33 , +393809.72, 2000.0, PN G 086.5-08.8
PN We  2-245, 211807.43 , +434845.87, 2000.0, PN G 087.4-03.8
PN K  3-78, 204522.70 , +502240.01, 2000.0, PN G 088.7+04.6
NGC  7048, 211415.25 , +461716.12, 2000.0, PN G 088.7-01.6
NGC  7026, 210618.24 , +475107.15, 2000.0, PN G 089.0+00.3
PN M  1-77, 211907.37 , +461847.15, 2000.0, PN G 089.3-02.2
SH  1-89, 211407.63 , +474622.17, 2000.0, PN G 089.8-00.6
IC 5117, 213230.97 , +443547.51, 2000.0, PN G 089.8-05.1
PN G091.6+01.8, 211052.43 , +504714.43, 2000.0, PN G 091.6+01.8
PN K  3-84, 213849.01 , +460027.79, 2000.0, PN G 091.6-04.8
PN K  3-79, 205313.54 , +534541.76, 2000.0, PN G 092.1+05.8
PN K  3-82, 213051.64 , +500006.96, 2000.0, PN G 093.3-00.9
PN M  1-79, 213701.50 , +485602.62, 2000.0, PN G 093.3-02.4
NGC  7008, 210032.69 , +543239.48, 2000.0, PN G 093.4+05.4
IRAS 21190+5140, 212044.83 , +515327.60, 2000.0, PN G 093.5+01.4
PN K  1-16, 182152.11 , +642153.22, 2000.0, PN G 094.0+27.4
PN K  3-83, 213543.83 , +505416.20, 2000.0, PN G 094.5-00.8
PN M  2-49, 214317.60 , +502514.41, 2000.0, PN G 095.1-02.0
PN K  3-62, 213150.18 , +523351.59, 2000.0, PN G 095.2+00.7
PN A66   73, 205627.03 , +572603.05, 2000.0, PN G 095.2+07.8
PN K  3-61, 213000.68 , +542727.11, 2000.0, PN G 096.3+02.3
NGC  6543, 175833.42 , +663759.52, 2000.0, PN G 096.4+29.9
SH  2-128, 213210.39 , +555242.36, 2000.0, PN G 097.5+03.1
PN M  2-50, 215741.80 , +514139.30, 2000.0, PN G 097.6-02.4
PN K  3-63, 213911.98 , +554603.94, 2000.0, PN G 098.1+02.4
PN K  3-60, 212726.48 , +573906.19, 2000.0, PN G 098.2+04.9
PN Me  2-2, 223143.68 , +474803.91, 2000.0, PN G 100.0-08.7
IC 5217, 222355.73 , +505800.52, 2000.0, PN G 100.6-05.4
NGC  7076, 212623.54 , +625331.83, 2000.0, PN G 101.8+08.7
PN A66   80, 223445.60 , +522606.21, 2000.0, PN G 102.8-05.0
PN A66   79, 222617.27 , +544938.21, 2000.0, PN G 102.9-02.3
PN M  2-51, 221603.89 , +572833.75, 2000.0, PN G 103.2+00.6
PN M  2-52, 222030.43 , +573619.64, 2000.0, PN G 103.7+00.4
PN Bl  2-1, 222016.63 , +581416.58, 2000.0, PN G 104.1+01.0
NGC  7139, 214608.59 , +634729.45, 2000.0, PN G 104.1+07.9
PN Jn    1, 233553.33 , +302806.38, 2000.0, PN G 104.2-29.6
PN M  2-53, 223217.72 , +561026.12, 2000.0, PN G 104.4-01.6
LS III +51   42, 225138.92 , +515042.44, 2000.0, PN G 104.8-06.7
NGC  7662, 232553.59 , +423206.00, 2000.0, PN G 106.5-17.6
PN K  4-57, 224834.31 , +582908.30, 2000.0, PN G 107.4-00.6
PN K  3-87, 225506.90 , +564230.71, 2000.0, PN G 107.4-02.6
PN Vy  2-3, 232257.89 , +465357.79, 2000.0, PN G 107.6-13.3
PN IsWe    2, 221322.53 , +655355.52, 2000.0, PN G 107.7+07.8
PN M  1-80, 225619.91 , +570921.07, 2000.0, PN G 107.7-02.2
NGC  7354, 224019.83 , +611708.70, 2000.0, PN G 107.8+02.3
PN BoBn    1, 003716.03 , -134258.61, 2000.0, PN G 108.4-76.1
IRAS 22568+6141, 225851.63 , +615743.52, 2000.0, PN G 110.1+01.9
PN K  1-20, 233910.84 , +481229.07, 2000.0, PN G 110.6-12.9
WD 2218+706, 221933.73 , +705603.08, 2000.0, PN G 111.0+11.6
PN KjPn    6, 224902.15 , +670138.63, 2000.0, PN G 111.2+07.0
PN Hb   12, 232614.83 , +581054.60, 2000.0, PN G 111.8-02.8
PN K  3-88, 231215.49 , +643917.73, 2000.0, PN G 112.5+03.7
PN KjPn    8, 232410.47 , +605730.75, 2000.0, PN G 112.5-00.1
PN A66   84, 234744.02 , +512356.90, 2000.0, PN G 112.9-10.2
PN A66   83, 234646.71 , +544437.69, 2000.0, PN G 113.6-06.9
PN A66   82, 234547.75 , +570358.50, 2000.0, PN G 114.0-04.6
PN M  2-55, 233152.71 , +702210.11, 2000.0, PN G 116.2+08.5
IC 1454, 224225.00 , +802631.96, 2000.0, PN G 117.5+18.9
PN Vy  1-1, 001842.20 , +535220.25, 2000.0, PN G 118.0-08.6
PN A66   86, 000130.97 , +704229.93, 2000.0, PN G 118.7+08.2
NGC   246, 004703.34 , -115218.94, 2000.0, PN G 118.8-74.7
PN BV    1, 002000.45 , +625903.16, 2000.0, PN G 119.3+00.3
PN A66    1, 001254.96 , +691022.80, 2000.0, PN G 119.4+06.5
PN Hu  1-1, 002815.43 , +555754.48, 2000.0, PN G 119.6-06.7
NGC    40, 001301.01 , +723119.09, 2000.0, PN G 120.0+09.8
SH  2-176, 003154.00 , +572237.20, 2000.0, PN G 120.2-05.3
PN G121.6+03.5, 003854.18 , +662348.63, 2000.0, PN G 121.6+03.5
PN BV    2, 004021.61 , +625134.28, 2000.0, PN G 121.6-00.0
PN A66    2, 004534.68 , +575734.88, 2000.0, PN G 122.1-04.9
IC 3568, 123306.87 , +823348.95, 2000.0, PN G 123.6+34.5
PN HDW    1, 010707.59 , +733323.18, 2000.0, PN G 124.0+10.7
PN WeSb    1, 010053.31 , +550347.89, 2000.0, PN G 124.3-07.7
PG 0057+155, 005956.67 , +154413.76, 2000.0, PN G 125.9-47.0
PN K  3-90, 012458.67 , +653835.42, 2000.0, PN G 126.3+02.9
SH  2-188, 013033.11 , +582450.69, 2000.0, PN G 128.0-04.1
PN G129.2-02.0, 014238.00 , +600944.52, 2000.0, PN G 129.2-02.0
PN K  3-91, 015836.17 , +663358.13, 2000.0, PN G 129.5+04.5
IC 1747, 015735.73 , +631918.33, 2000.0, PN G 130.2+01.3
PN M  1-1, 013719.42 , +502811.56, 2000.0, PN G 130.3-11.7
PN K  3-92, 020341.17 , +645737.88, 2000.0, PN G 130.4+03.1
M  76, 014219.69 , +513431.69, 2000.0, PN G 130.9-10.5
PN G131.4-05.4, 015303.43 , +562417.11, 2000.0, PN G 131.4-05.4
PN A66    3, 021206.67 , +640902.20, 2000.0, PN G 131.5+02.6
PN K  3-93, 022630.02 , +654753.09, 2000.0, PN G 132.4+04.7
V* V471 Per, 015849.67 , +525348.41, 2000.0, PN G 133.1-08.6
PN A66    6, 025841.87 , +643006.32, 2000.0, PN G 136.1+04.9
PN HFG    1, 030347.01 , +645435.71, 2000.0, PN G 136.3+05.5
PN HDW    2, 031101.32 , +624745.06, 2000.0, PN G 138.1+04.1
IC  289, 031019.30 , +611900.98, 2000.0, PN G 138.8+02.8
PN A66    5, 025215.07 , +503554.06, 2000.0, PN G 141.7-07.8
PN K  3-94, 033608.09 , +600346.29, 2000.0, PN G 142.1+03.4
EGB  4, 062933.96 , +710436.40, 2000.0, PN G 143.6+23.8
PN A66    4, 024523.90 , +423302.88, 2000.0, PN G 144.3-15.5
NGC  1501, 040659.39 , +605514.41, 2000.0, PN G 144.5+06.5
PN M  4-18, 042550.85 , +600712.79, 2000.0, PN G 146.7+07.6
PN M  1-4, 034143.44 , +521659.85, 2000.0, PN G 147.4-02.3
PN M  2-2, 041315.04 , +565658.12, 2000.0, PN G 147.8+04.1
M  97, 111447.70 , +550108.72, 2000.0, PN G 148.4+57.0
PN K  4-47, 042045.20 , +561812.06, 2000.0, PN G 149.0+04.4
PN HDW    3, 032715.44 , +452420.49, 2000.0, PN G 149.4-09.2
PN IsWe    1, 034905.89 , +500014.84, 2000.0, PN G 149.7-03.3
PN K  3-64, 041327.25 , +515100.92, 2000.0, PN G 151.4+00.5
PN A66   16, 064355.46 , +614724.67, 2000.0, PN G 153.7+22.8
PN K  3-65, 041554.53 , +484940.12, 2000.0, PN G 153.7-01.4
PN HaWe    5, 034526.64 , +374851.75, 2000.0, PN G 156.9-13.3
PN A66   28, 084135.56 , +581348.38, 2000.0, PN G 158.8+37.1
PN PuWe    1, 061934.33 , +553642.31, 2000.0, PN G 158.9+17.8
IC  351, 034733.14 , +350248.51, 2000.0, PN G 159.0-15.1
PN G160.5-00.5, 044642.70 , +442800.12, 2000.0, PN G 160.5-00.5
IC 2003, 035622.03 , +335229.27, 2000.0, PN G 161.2-14.8
PN G163.1-00.8, 045430.98 , +421640.90, 2000.0, PN G 163.1-00.8
PN ARO  121, 075751.61 , +532516.91, 2000.0, PN G 164.8+31.1
PN K  3-67, 043947.93 , +364542.59, 2000.0, PN G 165.5-06.5
NGC  1514, 040916.99 , +304633.47, 2000.0, PN G 165.5-15.2
IC 2149, 055623.86 , +460617.50, 2000.0, PN G 166.1+10.4
RAFGL  618, 044253.64 , +360653.39, 2000.0, PN G 166.4-06.5
PN A66    8, 050638.42 , +390808.59, 2000.0, PN G 167.0-00.9
PN K  3-66, 043637.23 , +333929.99, 2000.0, PN G 167.4-09.1
NGC  2242, 063407.36 , +444638.09, 2000.0, PN G 170.3+15.8
PN K  3-69, 054122.13 , +391508.10, 2000.0, PN G 170.7+04.6
PN Ba    1, 035336.55 , +192938.62, 2000.0, PN G 171.3-25.8
PN G173.5+03.2, 054234.45 , +360907.79, 2000.0, PN G 173.5+03.2
SH  2-235 A, 054053.33 , +354222.29, 2000.0, PN G 173.7+02.7
LBN   809, 050709.10 , +304928.13, 2000.0, PN G 173.7-05.8
PN H  3-29, 043723.57 , +250243.90, 2000.0, PN G 174.2-14.6
PN K  3-68, 053135.86 , +285841.55, 2000.0, PN G 178.3-02.5
PN Pu    1, 055248.43 , +280558.78, 2000.0, PN G 181.5+00.9
PN G183.8+05.5, 061611.35 , +282210.97, 2000.0, PN G 183.8+05.5
PN M  1-5, 054650.01 , +242202.78, 2000.0, PN G 184.0-02.1
PN K  3-70, 055845.34 , +251843.81, 2000.0, PN G 184.6+00.6
PN K  3-71, 061354.98 , +265257.00, 2000.0, PN G 184.8+04.4
NGC  2371, 072534.68 , +292926.41, 2000.0, PN G 189.1+19.8
PN M  1-7, 063720.97 , +240036.56, 2000.0, PN G 189.8+07.7
Jonckheere  320, 050534.32 , +104222.72, 2000.0, PN G 190.3-17.7
PN HDW    6, 064009.28 , +212448.58, 2000.0, PN G 192.5+07.2
PN H  3-75, 054044.97 , +122122.50, 2000.0, PN G 193.6-09.5
PN VV   28, 062557.24 , +174727.53, 2000.0, PN G 194.2+02.5
NGC  2022, 054206.20 , +090510.28, 2000.0, PN G 196.6-10.9
PN K  1-7, 053145.50 , +065601.58, 2000.0, PN G 197.2-14.2
PN WeDe    1, 055924.87 , +104140.42, 2000.0, PN G 197.4-06.4
NGC  2392, 072910.77 , +205442.48, 2000.0, PN G 197.8+17.3
PN A66   14, 061108.65 , +114643.79, 2000.0, PN G 197.8-03.3
PN A66   12, 060220.05 , +093914.09, 2000.0, PN G 198.6-06.3
PN A66   19, 065956.43 , +143633.97, 2000.0, PN G 200.7+08.4
PN K  4-48, 063955.84 , +110630.34, 2000.0, PN G 201.7+02.5
PN We  1-4, 061433.72 , +073429.87, 2000.0, PN G 201.9-04.6
PN A66   13, 060447.90 , +035635.76, 2000.0, PN G 204.0-08.5
PN K  2-2, 065223.17 , +095755.69, 2000.0, PN G 204.1+04.7
PN K  3-72, 062354.88 , +053012.88, 2000.0, PN G 204.8-03.5
PN A66   21, 072902.69 , +131448.41, 2000.0, PN G 205.1+14.2
PN MaC  2-1, 050341.85 , -061003.00, 2000.0, PN G 205.8-26.7
NGC  1535, 041415.76 , -124421.90, 2000.0, PN G 206.4-40.5
PN A66   30, 084653.49 , +175246.83, 2000.0, PN G 208.5+33.2
PN We  2-34, 070028.40 , +042030.36, 2000.0, PN G 210.0+03.9
PN M  1-8, 065333.79 , +030826.96, 2000.0, PN G 210.3+01.9
PN M  1-6, 063545.13 , -000537.36, 2000.0, PN G 211.2-03.5
PN HDW    7, 075511.30 , +093309.22, 2000.0, PN G 211.4+18.4
EGB  5, 081112.77 , +105717.10, 2000.0, PN G 211.9+22.6
PN M  1-9, 070519.20 , +024659.48, 2000.0, PN G 212.0+04.3
PN A66   20, 072257.74 , +014532.83, 2000.0, PN G 214.9+07.8
IC  418, 052728.20 , -124150.26, 2000.0, PN G 215.2-24.2
PN A66    7, 050307.53 , -153622.72, 2000.0, PN G 215.5-30.8
NGC  2346, 070922.52 , -004823.61, 2000.0, PN G 215.6+03.6
PN K  1-11, 073607.93 , +024227.68, 2000.0, PN G 215.6+11.1
PN A66   18, 065614.66 , -025307.81, 2000.0, PN G 216.0-00.2
PN We  1-5, 064134.59 , -050234.89, 2000.0, PN G 216.3-04.4
PN A66   24, 075137.55 , +030020.98, 2000.0, PN G 217.1+14.7
PN St  3-1, 070650.89 , -030509.50, 2000.0, PN G 217.4+02.0
PN HDW    5, 062337.17 , -101323.70, 2000.0, PN G 218.9-10.7
PN A66   31, 085413.16 , +085353.09, 2000.0, PN G 219.1+31.2
NGC  1360, 033314.65 , -255218.00, 2000.0, PN G 220.3-53.9
IC 2165, 062142.77 , -125913.96, 2000.0, PN G 221.3-12.3
EGB  6, 095258.99 , +134434.91, 2000.0, PN G 221.5+46.3
PN M  3-3, 072634.23 , -052152.16, 2000.0, PN G 221.7+05.3
PN K  1-13, 080646.50 , -025234.77, 2000.0, PN G 224.3+15.3
PN We  1-6, 071726.02 , -101037.68, 2000.0, PN G 224.9+01.0
PN PB    1, 070246.81 , -134233.74, 2000.0, PN G 226.4-03.7
PN M  1-16, 073718.90 , -093847.96, 2000.0, PN G 226.7+05.6
V* AB Lep, 055506.61 , -225402.41, 2000.0, PN G 228.2-22.1
PN M  1-17, 074022.20 , -113229.92, 2000.0, PN G 228.8+05.3
PN K  1-10, 071235.49 , -160559.71, 2000.0, PN G 229.6-02.7
PN M  1-18, 074204.17 , -142113.27, 2000.0, PN G 231.4+04.3
NGC  2438, 074150.51 , -144407.69, 2000.0, PN G 231.8+04.1
PN SaSt  2-3, 074803.67 , -140740.40, 2000.0, PN G 232.0+05.7
PN M  1-13, 072115.04 , -180834.65, 2000.0, PN G 232.4-01.8
PN M  1-11, 071116.69 , -195102.55, 2000.0, PN G 232.8-04.7
PN G233.0-10.1, 065040.99 , -222608.88, 2000.0, PN G 233.0-10.1
PN A66   15, 062701.88 , -252249.58, 2000.0, PN G 233.5-16.3
PN K  2-3, 070656.81 , -220226.16, 2000.0, PN G 234.3-06.6
NGC  2440, 074154.91 , -181229.70, 2000.0, PN G 234.8+02.4
PN M  1-14, 072756.50 , -201322.80, 2000.0, PN G 234.9-01.4
PN M  1-12, 071921.47 , -214355.42, 2000.0, PN G 235.3-03.9
PN HaWe    9, 065420.79 , -252433.50, 2000.0, PN G 236.0-10.6
PN K  1-12, 075011.60 , -191816.47, 2000.0, PN G 236.7+03.5
PN A66   33, 093909.08 , -024832.00, 2000.0, PN G 238.0+34.8
PN Sa  2-21, 080844.30 , -191402.04, 2000.0, PN G 238.9+07.3
NGC  2610, 083323.40 , -160857.52, 2000.0, PN G 239.6+13.9
ESO 427-19, 065512.16 , -290727.32, 2000.0, PN G 239.6-12.0
PN Y-C  2-5, 081041.60 , -203132.02, 2000.0, PN G 240.3+07.0
PN M  3-2, 071449.92 , -275023.32, 2000.0, PN G 240.3-07.6
PN M  3-4, 075511.40 , -233812.70, 2000.0, PN G 241.0+02.3
PN M  3-1, 070249.92 , -313529.45, 2000.0, PN G 242.6-11.6
NGC  2452, 074726.27 , -272006.61, 2000.0, PN G 243.3-01.0
PN PRTM    1, 050301.73 , -394544.50, 2000.0, PN G 243.8-37.1
PN A66   29, 084018.92 , -205436.27, 2000.0, PN G 244.5+12.5
PN M  3-5, 080228.96 , -274155.00, 2000.0, PN G 245.4+01.6
PN A66   34, 094535.36 , -131015.82, 2000.0, PN G 248.7+29.5
PN M  4-2, 072853.82 , -354513.61, 2000.0, PN G 248.8-08.5
EM* AS  201, 083142.89 , -274531.50, 2000.0, PN G 249.0+06.9
PN A66   23, 074317.98 , -344515.64, 2000.0, PN G 249.3-05.4
PN A66   26, 080901.64 , -324024.91, 2000.0, PN G 250.3+00.1
PN K  1-21, 080414.19 , -341607.32, 2000.0, PN G 251.1-01.5
PN K  1-1, 083152.63 , -320608.69, 2000.0, PN G 252.6+04.4
PN K  1-2, 085745.99 , -285736.79, 2000.0, PN G 253.5+10.7
PN M  3-6, 084040.23 , -322233.60, 2000.0, PN G 253.9+05.7
NGC  2579, 082055.30 , -361323.16, 2000.0, PN G 254.6+00.2
PN Lo    1, 025658.44 , -441017.81, 2000.0, PN G 255.3-59.6
WRAY 16-22, 083616.44 , -351501.40, 2000.0, PN G 255.7+03.3
PN G257.1-02.6, 081610.03 , -395151.34, 2000.0, PN G 257.1-02.6
PN VBRC    1, 083054.20 , -381806.98, 2000.0, PN G 257.5+00.6
WRAY 17-1, 071449.35 , -465739.10, 2000.0, PN G 258.0-15.7
EM* AS  200, 082827.92 , -392339.92, 2000.0, PN G 258.1-00.3
WRAY 16-23, 083708.10 , -392507.00, 2000.0, PN G 259.1+00.9
PK 260+00  1, 084216.01 , -404406.79, 2000.0, PN G 260.7+00.9
WRAY 16-20, 082340.69 , -431247.09, 2000.0, PN G 260.7-03.3
NGC  3242, 102446.11 , -183832.64, 2000.0, PN G 261.0+32.0
EM* AS  204, 085330.91 , -400342.30, 2000.0, PN G 261.6+03.0
NGC  2818, 091601.49 , -363737.42, 2000.0, PN G 261.9+08.5
WRAY 17-18, 082353.83 , -453110.70, 2000.0, PN G 262.6-04.6
PN PB    2, 082040.19 , -462258.51, 2000.0, PN G 263.0-05.5
PN K  2-15, 084839.05 , -425354.01, 2000.0, PN G 263.2+00.4
ESO 209-15, 080511.19 , -482330.94, 2000.0, PN G 263.3-08.8
WRAY 16-16, 081131.80 , -484317.70, 2000.0, PN G 264.1-08.1
WRAY 17-20, 083427.49 , -462533.75, 2000.0, PN G 264.4-03.6
WRAY 16-8, 074720.03 , -511503.38, 2000.0, PN G 264.4-12.7
Ve 7-26, 084328.08 , -460639.89, 2000.0, PN G 265.1-02.2
ESO 259-10, 083407.06 , -471637.09, 2000.0, PN G 265.1-04.2
NGC  2792, 091226.56 , -422538.92, 2000.0, PN G 265.7+04.1
PN PB    5, 091609.61 , -452842.82, 2000.0, PN G 268.4+02.4
PN PB    3, 085418.40 , -503223.12, 2000.0, PN G 269.7-03.6
PN K  1-28, 103430.60 , -291115.19, 2000.0, PN G 270.1+24.8
NGC  3132, 100701.76 , -402611.12, 2000.0, PN G 272.1+12.3
PN MeWe  1-1, 085336.29 , -540507.08, 2000.0, PN G 272.4-05.9
WRAY 16-35, 090840.05 , -531913.91, 2000.0, PN G 273.2-03.7
PN HbDs    1, 095244.52 , -461647.47, 2000.0, PN G 273.6+06.1
WRAY 16-56, 094114.00 , -492247.21, 2000.0, PN G 274.1+02.5
PN Lo    4, 100545.78 , -442133.27, 2000.0, PN G 274.3+09.1
WRAY 16-57, 094137.50 , -495758.61, 2000.0, PN G 274.6+02.1
WRAY 16-59, 094724.80 , -485814.02, 2000.0, PN G 274.6+03.5
PN PB    4, 091507.74 , -545243.89, 2000.0, PN G 275.0-04.1
WRAY 16-44, 092206.75 , -540939.19, 2000.0, PN G 275.2-02.9
WRAY 16-40, 091801.33 , -543929.20, 2000.0, PN G 275.2-03.7
WRAY 15-344, 091352.85 , -552817.18, 2000.0, PN G 275.3-04.7
PN Pe  2-4, 093048.42 , -530959.80, 2000.0, PN G 275.5-01.3
WRAY 16-46, 092445.83 , -543615.41, 2000.0, PN G 275.8-02.9
NGC  2899, 092703.02 , -560621.10, 2000.0, PN G 277.1-03.8
WRAY 17-31, 093120.49 , -561739.41, 2000.0, PN G 277.7-03.5
NGC  2867, 092125.38 , -581840.90, 2000.0, PN G 278.1-05.9
WRAY 16-49, 093055.10 , -573650.00, 2000.0, PN G 278.5-04.5
PN My   47, 091927.50 , -591200.29, 2000.0, PN G 278.6-06.7
PN PB    6, 101315.99 , -501959.13, 2000.0, PN G 278.8+04.9
CD-56  2932, 094325.62 , -571655.61, 2000.0, PN G 279.6-03.1
PN Sa  2-56, 101157.66 , -523817.09, 2000.0, PN G 280.0+02.9
IC 2501, 093847.15 , -600530.52, 2000.0, PN G 281.0-05.6
WRAY 17-45, 103131.95 , -533329.48, 2000.0, PN G 282.9+03.8
WRAY 16-72, 103419.09 , -534103.11, 2000.0, PN G 283.3+03.9
PN K  1-22, 112643.78 , -342211.39, 2000.0, PN G 283.6+25.3
PN My   60, 103133.36 , -552050.49, 2000.0, PN G 283.8+02.2
WRAY 16-64, 100349.21 , -604348.29, 2000.0, PN G 283.8-04.2
CD-48  6027, 105440.57 , -484702.85, 2000.0, PN G 283.9+09.7
PN Hf    4, 101534.98 , -585110.58, 2000.0, PN G 283.9-01.8
PN Pe  1-1, 103827.62 , -564706.50, 2000.0, PN G 285.4+01.5
PN Pe  2-7, 104119.59 , -560916.20, 2000.0, PN G 285.4+02.2
PN Pe  2-5, 102834.63 , -590323.40, 2000.0, PN G 285.4-01.1
IC 2553, 100920.81 , -623648.49, 2000.0, PN G 285.4-05.3
PN My   59, 102309.14 , -603242.29, 2000.0, PN G 285.6-02.7
PN Pe  1-2, 103932.66 , -570613.86, 2000.0, PN G 285.7+01.2
IC 2448, 090706.26 , -695630.57, 2000.0, PN G 285.7-14.9
WRAY 16-66, 100723.63 , -635430.20, 2000.0, PN G 286.0-06.5
WRAY 17-40, 100659.57 , -642150.00, 2000.0, PN G 286.2-06.9
WRAY 16-79, 104843.17 , -560310.19, 2000.0, PN G 286.3+02.8
NGC  3211, 101750.54 , -624012.10, 2000.0, PN G 286.3-04.8
PN Lo    5, 111354.14 , -475700.64, 2000.0, PN G 286.5+11.6
PN K  1-27, 055702.18 , -754022.71, 2000.0, PN G 286.8-29.5
PN Hf   38, 105435.44 , -590947.30, 2000.0, PN G 288.4+00.3
PN Pe  1-3, 104431.12 , -613938.48, 2000.0, PN G 288.4-02.4
ESO 216-2, 111809.78 , -521003.22, 2000.0, PN G 288.7+08.1
WRAY 16-74, 103545.73 , -641911.60, 2000.0, PN G 288.8-05.2
WRAY 15-682, 105359.57 , -602644.38, 2000.0, PN G 288.9-00.8
Hen 2-57, 105603.00 , -612807.39, 2000.0, PN G 289.6-01.6
WRAY 16-88, 112401.04 , -525119.40, 2000.0, PN G 289.8+07.7
PN Hf   48, 110355.98 , -603604.61, 2000.0, PN G 290.1-00.4
PN Fg    1, 112836.20 , -525604.50, 2000.0, PN G 290.5+07.9
PN Vo    1, 065926.38 , -793847.00, 2000.0, PN G 291.3-26.2
ESO 320-28, 115229.23 , -421738.69, 2000.0, PN G 291.4+19.2
IC 2621, 110019.99 , -651457.80, 2000.0, PN G 291.6-04.8
WRAY 16-89, 112724.31 , -571758.88, 2000.0, PN G 291.7+03.7
PN PB    8, 113317.84 , -570614.80, 2000.0, PN G 292.4+04.1
NGC  3699, 112757.70 , -595728.01, 2000.0, PN G 292.6+01.2
WRAY 16-93, 113048.34 , -591704.60, 2000.0, PN G 292.7+01.9
WRAY 16-92, 112847.39 , -600637.30, 2000.0, PN G 292.8+01.1
WRAY 16-96, 113510.96 , -601701.10, 2000.0, PN G 293.6+01.2
ESO 217-11, 115306.60 , -505059.16, 2000.0, PN G 293.6+10.9
PN Lo    6, 120043.49 , -473312.31, 2000.0, PN G 294.1+14.4
NGC  4361, 122430.76 , -184705.39, 2000.0, PN G 294.1+43.6
NGC  3918, 115017.77 , -571056.39, 2000.0, PN G 294.6+04.7
PN Hf   69, 114137.40 , -622854.43, 2000.0, PN G 294.9-00.6
WRAY 16-94, 113145.46 , -655814.09, 2000.0, PN G 294.9-04.3
WRAY 16-86, 111743.15 , -704932.30, 2000.0, PN G 295.3-09.3
WRAY 16-100, 114838.17 , -650837.10, 2000.0, PN G 296.3-03.0
WRAY 16-98, 113911.18 , -685208.90, 2000.0, PN G 296.4-06.9
NGC  3195, 100920.91 , -805130.73, 2000.0, PN G 296.6-20.0
WRAY 16-107, 120910.21 , -584237.51, 2000.0, PN G 297.4+03.7
PN G298.0+34.8, 123312.98 , -274853.39, 2000.0, PN G 298.0+34.8
ESO  95-1, 120901.26 , -631559.63, 2000.0, PN G 298.1-00.7
WRAY 16-105, 120825.30 , -641207.99, 2000.0, PN G 298.2-01.7
NGC  4071, 120414.73 , -671836.40, 2000.0, PN G 298.3-04.8
PN K  1-23, 123052.50 , -441415.92, 2000.0, PN G 299.0+18.4
PN HaTr    1, 121633.14 , -664545.07, 2000.0, PN G 299.4-04.1
WRAY 16-112, 122353.30 , -601313.01, 2000.0, PN G 299.5+02.4
WRAY 16-111, 122301.32 , -640146.20, 2000.0, PN G 299.8-01.3
WRAY 16-114, 122843.99 , -620535.09, 2000.0, PN G 300.2+00.6
WRAY 16-115, 122846.85 , -634437.10, 2000.0, PN G 300.4-00.9
WRAY 16-116, 123007.59 , -635300.49, 2000.0, PN G 300.5-01.1
WRAY 16-117, 123030.48 , -645205.72, 2000.0, PN G 300.7-02.0
ESO  95-12, 123024.66 , -661423.18, 2000.0, PN G 300.8-03.4
WRAY 16-120, 124554.63 , -602015.50, 2000.0, PN G 302.2+02.5
WR  47a, 124551.26 , -640938.02, 2000.0, PN G 302.3-01.3
WRAY 16-121, 124831.00 , -634959.02, 2000.0, PN G 302.6-00.9
PN A66   35, 125332.79 , -225222.56, 2000.0, PN G 303.6+40.0
WRAY 16-122, 130041.28 , -565340.60, 2000.0, PN G 304.2+05.9
IC 4191, 130847.34 , -673837.61, 2000.0, PN G 304.5-04.8
WRAY 16-123, 130548.23 , -573924.41, 2000.0, PN G 304.8+05.1
WRAY 16-125, 130936.41 , -611935.57, 2000.0, PN G 305.1+01.4
ESO  40-11, 133414.29 , -754631.40, 2000.0, PN G 305.6-13.1
WRAY 17-59, 131929.88 , -660908.10, 2000.0, PN G 305.7-03.4
PN Th  2-A, 132233.79 , -632101.30, 2000.0, PN G 306.4-00.6
NGC  5189, 133332.86 , -655827.08, 2000.0, PN G 307.2-03.4
WRAY 16-135, 134522.38 , -712855.70, 2000.0, PN G 307.2-09.0
WRAY 16-128, 132421.92 , -573119.31, 2000.0, PN G 307.3+05.0
PN MyCn   18, 133935.07 , -672251.74, 2000.0, PN G 307.5-04.9
PN MeWe  1-3, 132804.90 , -544158.35, 2000.0, PN G 308.2+07.7
Hen 2-105, 141524.78 , -741246.12, 2000.0, PN G 308.6-12.2
WRAY 16-133, 134236.16 , -612228.83, 2000.0, PN G 309.0+00.8
WRAY 16-139, 135230.67 , -662326.81, 2000.0, PN G 309.0-04.2
NGC  5315, 135357.00 , -663050.69, 2000.0, PN G 309.1-04.3
PN VBRC    5, 134400.03 , -604946.86, 2000.0, PN G 309.2+01.3
PN MaC  1-2, 135427.07 , -645936.14, 2000.0, PN G 309.5-02.9
PN Lo    8, 132537.50 , -373614.75, 2000.0, PN G 310.3+24.7
PN G310.4+01.3, 135323.01 , -603347.30, 2000.0, PN G 310.4+01.3
WRAY 16-144, 140536.75 , -644100.71, 2000.0, PN G 310.7-02.9
PN LoTr    7, 141524.02 , -673155.87, 2000.0, PN G 310.8-05.9
PN SuWt    2, 135543.23 , -592239.82, 2000.0, PN G 311.0+02.4
WRAY 16-141, 135455.70 , -582716.60, 2000.0, PN G 311.1+03.4
WRAY 16-142, 135813.87 , -585432.29, 2000.0, PN G 311.4+02.8
NGC  5307, 135103.32 , -511220.77, 2000.0, PN G 312.3+10.5
WRAY 16-151, 141843.33 , -630710.09, 2000.0, PN G 312.6-01.8
PN LoTr   11, 152110.38 , -721325.83, 2000.0, PN G 313.8-12.6
WRAY 16-156, 143317.97 , -604936.30, 2000.0, PN G 315.0-00.3
HD 138403, 153711.21 , -715452.89, 2000.0, PN G 315.1-13.0
WRAY 16-152, 142048.92 , -552759.18, 2000.0, PN G 315.4+05.2
WRAY 16-147, 141152.06 , -512624.11, 2000.0, PN G 315.4+09.4
PN LoTr    8, 142159.97 , -550217.02, 2000.0, PN G 315.7+05.5
PN LoTr    9, 144117.94 , -611957.58, 2000.0, PN G 315.7-01.2
CPD-51  6744, 141808.89 , -521039.77, 2000.0, PN G 316.1+08.4
PN LoTr   10, 144620.24 , -611335.37, 2000.0, PN G 316.3-01.3
NGC  5844, 151040.60 , -644025.00, 2000.0, PN G 317.1-05.7
PN VBRC    6, 144136.06 , -561513.50, 2000.0, PN G 317.8+03.3
WRAY 16-159, 150408.70 , -605320.00, 2000.0, PN G 318.3-02.0
WRAY 16-163, 150601.90 , -612119.01, 2000.0, PN G 318.3-02.5
PN A66   36, 134041.34 , -195255.32, 2000.0, PN G 318.4+41.4
ESO 135-4, 150843.54 , -614414.36, 2000.0, PN G 318.4-03.0
WRAY 16-157, 144030.94 , -523456.71, 2000.0, PN G 319.2+06.8
IC 4406, 142226.21 , -440902.02, 2000.0, PN G 319.6+15.7
HD 141969, 155601.69 , -660909.23, 2000.0, PN G 320.1-09.6
Hen 2-434, 193349.34 , -743258.42, 2000.0, PN G 320.3-28.8
RCW  90, 150559.22 , -555916.51, 2000.0, PN G 320.9+02.0
WRAY 15-1269, 145953.48 , -541807.43, 2000.0, PN G 321.0+03.9
PN MeWe  1-5, 144635.14 , -502324.68, 2000.0, PN G 321.0+08.3
PN HaTr    2, 153018.54 , -610138.79, 2000.0, PN G 321.0-03.8
WRAY 16-162, 150516.80 , -551110.50, 2000.0, PN G 321.3+02.8
WRAY 16-244, 170117.22 , -700603.20, 2000.0, PN G 321.3-16.7
WRAY 16-169, 151156.56 , -553946.58, 2000.0, PN G 321.8+01.9
WRAY 16-190, 155210.71 , -623046.58, 2000.0, PN G 322.1-06.6
PN Pe  2-8, 152342.89 , -570925.20, 2000.0, PN G 322.4-00.1
PN Mz    1, 153416.61 , -590907.42, 2000.0, PN G 322.4-02.6
NGC  5979, 154741.16 , -611305.59, 2000.0, PN G 322.5-05.2
WRAY 16-184, 153801.18 , -584442.11, 2000.0, PN G 323.1-02.5
WRAY 16-175, 152219.42 , -540813.11, 2000.0, PN G 323.9+02.4
IRAS 15154-5258, 151908.76 , -530949.79, 2000.0, PN G 324.0+03.5
ESO 223-10, 150140.73 , -482102.00, 2000.0, PN G 324.1+09.0
WRAY 16-178, 152336.35 , -535128.12, 2000.0, PN G 324.2+02.5
WRAY 15-1341, 154158.83 , -563625.60, 2000.0, PN G 324.8-01.1
WRAY 16-182, 152532.67 , -525038.00, 2000.0, PN G 325.0+03.2
WRAY 16-195, 155908.85 , -582352.80, 2000.0, PN G 325.4-04.0
WRAY 16-181, 152507.84 , -511942.10, 2000.0, PN G 325.8+04.5
HD 151895, 165435.17 , -641428.44, 2000.0, PN G 325.8-12.8
WRAY 15-1440, 161542.29 , -595401.01, 2000.0, PN G 326.0-06.5
PN G326.1-01.9, 155259.21 , -562427.19, 2000.0, PN G 326.1-01.9
IC  972, 140425.93 , -171340.55, 2000.0, PN G 326.7+42.2
WRAY 16-194, 155808.10 , -554150.32, 2000.0, PN G 327.1-01.8
WRAY 16-198, 155957.63 , -555532.99, 2000.0, PN G 327.1-02.2
WRAY 16-165, 150613.73 , -425956.40, 2000.0, PN G 327.5+13.3
PN KoRe    1, 161910.50 , -575855.48, 2000.0, PN G 327.7-05.4
NGC  5882, 151649.94 , -453858.45, 2000.0, PN G 327.8+10.0
WRAY 16-200, 160059.14 , -550540.09, 2000.0, PN G 327.8-01.6
WRAY 16-218, 162330.64 , -581922.80, 2000.0, PN G 327.8-06.1
WRAY 16-222, 162931.00 , -590924.01, 2000.0, PN G 327.8-07.2
WRAY 16-208, 161401.10 , -565928.00, 2000.0, PN G 327.9-04.3
PN Lo   10, 154928.97 , -523016.31, 2000.0, PN G 328.2+01.3
WRAY 16-205, 161041.00 , -545734.60, 2000.0, PN G 328.9-02.4
PN Sp    1, 155140.95 , -513128.55, 2000.0, PN G 329.0+01.9
PN Mz    2, 161432.42 , -545704.21, 2000.0, PN G 329.3-02.8
Hen 2-149, 161424.27 , -544738.82, 2000.0, PN G 329.4-02.7
PN VBRC    7, 155451.01 , -512234.00, 2000.0, PN G 329.5+01.7
PN G329.5-02.2, 161234.08 , -542334.80, 2000.0, PN G 329.5-02.2
PN Lo    9, 154213.34 , -474046.33, 2000.0, PN G 330.2+05.9
WRAY 16-212, 161714.42 , -533206.11, 2000.0, PN G 330.6-02.1
WRAY 16-219, 162421.44 , -543603.20, 2000.0, PN G 330.6-03.6
HD 330036, 155115.93 , -484458.54, 2000.0, PN G 330.7+04.1
WRAY 16-189, 155119.87 , -482607.91, 2000.0, PN G 330.9+04.3
WRAY 16-217, 162214.33 , -534054.08, 2000.0, PN G 331.0-02.7
HD 149427, 163742.70 , -554226.41, 2000.0, PN G 331.1-05.7
NGC  5873, 151250.88 , -380731.19, 2000.0, PN G 331.3+16.8
PN Pe  1-4, 160858.83 , -510156.21, 2000.0, PN G 331.4+00.5
WRAY 16-221, 162750.93 , -540128.42, 2000.0, PN G 331.4-03.5
WRAY 16-220, 162437.79 , -532234.10, 2000.0, PN G 331.5-02.7
WRAY 16-224, 162959.70 , -540928.01, 2000.0, PN G 331.5-03.9
PN Mz    3, 161713.40 , -515910.61, 2000.0, PN G 331.7-01.0
WRAY 16-223, 162953.33 , -532315.11, 2000.0, PN G 332.0-03.3
WRAY 16-199, 160022.06 , -481535.51, 2000.0, PN G 332.2+03.5
WRAY 16-227, 163521.25 , -535011.29, 2000.0, PN G 332.3-04.2
PN HaTr    6, 175152.84 , -602321.93, 2000.0, PN G 332.8-16.4
CPD-56  8032, 170900.86 , -565448.10, 2000.0, PN G 332.9-09.9
PN Pe  1-5, 161520.13 , -491321.59, 2000.0, PN G 333.4+01.1
PN HaTr    3, 163937.58 , -524913.25, 2000.0, PN G 333.4-04.0
PN G334.3-01.4, 163106.65 , -502638.08, 2000.0, PN G 334.3-01.4
IC 4642, 171145.21 , -552401.70, 2000.0, PN G 334.3-09.3
CD-53  7049, 170302.88 , -535553.97, 2000.0, PN G 334.8-07.4
PN HaTr    4, 164500.04 , -511220.36, 2000.0, PN G 335.2-03.6
PN K  1-31, 155312.51 , -415026.15, 2000.0, PN G 335.4+09.2
WRAY 15-1508, 163413.50 , -492112.31, 2000.0, PN G 335.4-01.1
PN DS    2, 154305.04 , -391814.56, 2000.0, PN G 335.5+12.4
PN MeWe  1-8, 164840.19 , -510920.26, 2000.0, PN G 335.6-04.0
PN MeWe  1-7, 164757.07 , -504248.32, 2000.0, PN G 335.9-03.6
PN Pe  1-6, 162354.31 , -464215.28, 2000.0, PN G 336.2+01.9
PN PC   14, 170614.75 , -523000.50, 2000.0, PN G 336.2-06.9
WRAY 15-1585, 165936.12 , -514208.39, 2000.0, PN G 336.3-05.6
PN K  2-17, 170935.88 , -521302.39, 2000.0, PN G 336.8-07.2
PN StWr  4-10, 160213.04 , -413336.22, 2000.0, PN G 336.9+08.3
PN MeWe  1-10, 173428.17 , -542857.81, 2000.0, PN G 336.9-11.5
PN Pe  1-7, 163025.86 , -460250.78, 2000.0, PN G 337.4+01.6
WRAY 16-266, 172236.99 , -524634.00, 2000.0, PN G 337.4-09.1
WRAY 15-1594, 170137.00 , -502257.59, 2000.0, PN G 337.5-05.1
PN MeWe  1-9, 165728.91 , -494654.80, 2000.0, PN G 337.6-04.2
NGC  6326, 172046.25 , -514515.17, 2000.0, PN G 338.1-08.3
IC 4599, 161923.17 , -421536.64, 2000.0, PN G 338.8+05.6
PN LoTr    5, 125533.75 , +255330.61, 2000.0, PN G 339.9+88.4
PN Sa  1-6, 180059.46 , -524420.60, 2000.0, PN G 340.4-14.1
PN Lo   12, 160826.53 , -370844.99, 2000.0, PN G 340.8+10.8
PN Lo   11, 160322.21 , -360053.73, 2000.0, PN G 340.8+12.3
PN Sa  1-5, 171127.39 , -472501.88, 2000.0, PN G 340.9-04.6
PN Lo   18, 190947.82 , -553511.01, 2000.0, PN G 341.2-24.6
WRAY 16-290, 173606.95 , -492545.30, 2000.0, PN G 341.5-09.1
NGC  6026, 160121.13 , -343235.81, 2000.0, PN G 341.6+13.7
NGC  6153, 163130.63 , -401512.31, 2000.0, PN G 341.8+05.4
NGC  6072, 161258.40 , -361346.99, 2000.0, PN G 342.1+10.8
PN Me  2-1, 152219.28 , -233731.51, 2000.0, PN G 342.1+27.5
PN Sp    3, 180715.80 , -510110.19, 2000.0, PN G 342.5-14.3
PN H  1-3, 165331.33 , -423922.79, 2000.0, PN G 342.7+00.7
PN Cn  1-4, 172748.79 , -465541.30, 2000.0, PN G 342.8-06.6
PN Pe  1-8, 170622.49 , -441309.41, 2000.0, PN G 342.9-02.0
WRAY 16-261, 171932.50 , -455315.00, 2000.0, PN G 342.9-04.9
ESO 278-1, 170538.28 , -435618.24, 2000.0, PN G 343.0-01.7
PN HaTr    5, 170127.98 , -430555.12, 2000.0, PN G 343.3-00.6
PN H  1-1, 161328.17 , -343539.19, 2000.0, PN G 343.4+11.9
PN PC   17, 173541.74 , -465949.31, 2000.0, PN G 343.5-07.8
PN SuWt    3, 164424.13 , -400320.60, 2000.0, PN G 343.6+03.7
PN H  1-5, 165723.75 , -413758.40, 2000.0, PN G 343.9+00.8
Hen 2-178, 164233.50 , -385440.13, 2000.0, PN G 344.2+04.7
PN H  1-6, 170659.09 , -424108.48, 2000.0, PN G 344.2-01.2
ESO 332-4, 165133.58 , -400256.01, 2000.0, PN G 344.4+02.8
WRAY 16-278, 173003.89 , -452250.81, 2000.0, PN G 344.4-06.1
ESO 332-2, 164932.85 , -392109.11, 2000.0, PN G 344.8+03.4
PN Vd    4, 165025.36 , -390819.10, 2000.0, PN G 345.0+03.4
ESO 332-1, 164645.14 , -383658.10, 2000.0, PN G 345.0+04.3
PN Cn  1-3, 172612.32 , -441125.51, 2000.0, PN G 345.0-04.9
PN H  1-7, 171027.39 , -415249.40, 2000.0, PN G 345.2-01.2
PN Tc    1, 174535.29 , -460523.71, 2000.0, PN G 345.2-08.8
PN MeWe  1-11, 175247.06 , -464201.64, 2000.0, PN G 345.3-10.2
IC 4637, 170510.47 , -405307.69, 2000.0, PN G 345.4+00.1
PN Lo   13, 160945.94 , -305507.55, 2000.0, PN G 345.5+15.1
WRAY 16-229, 163928.13 , -363416.20, 2000.0, PN G 345.6+06.7
PN Vd    6, 165427.36 , -384410.50, 2000.0, PN G 345.9+03.0
ESO 279-14, 175936.20 , -463851.90, 2000.0, PN G 345.9-11.2
WRAY 16-226, 163404.25 , -350526.81, 2000.0, PN G 346.0+08.5
IC 4663, 174528.28 , -445414.62, 2000.0, PN G 346.2-08.2
PN Fg    2, 173919.86 , -440937.51, 2000.0, PN G 346.3-06.8
PN K  1-3, 162319.01 , -314458.60, 2000.0, PN G 346.9+12.4
PN H  1-2, 164854.11 , -354709.10, 2000.0, PN G 347.4+05.8
ESO 332-18, 170433.80 , -375315.29, 2000.0, PN G 347.7+02.0
WRAY 15-1537, 164848.55 , -350057.60, 2000.0, PN G 348.0+06.3
IC 4699, 181832.05 , -455901.67, 2000.0, PN G 348.0-13.8
PN H  1-21, 173247.82 , -405828.70, 2000.0, PN G 348.4-04.1
WRAY 16-330, 175633.70 , -430319.12, 2000.0, PN G 348.8-09.0
PN H  2-14, 173220.09 , -395125.60, 2000.0, PN G 349.2-03.5
NGC  6337, 172215.67 , -382901.79, 2000.0, PN G 349.3-01.1
PN Lo   16, 173541.87 , -401126.51, 2000.0, PN G 349.3-04.2
NGC  6302, 171344.34 , -370610.95, 2000.0, PN G 349.5+01.0
PN M  2-4, 170106.23 , -344938.60, 2000.0, PN G 349.8+04.4
PN H  1-26, 173629.90 , -392156.81, 2000.0, PN G 350.1-03.9
PN H  1-28, 174254.11 , -393624.80, 2000.0, PN G 350.5-05.0
PN H  1-22, 173222.14 , -375723.80, 2000.0, PN G 350.8-02.4
PN H  2-1, 170436.25 , -335918.82, 2000.0, PN G 350.9+04.4
PN HaTr    9, 180858.90 , -414838.39, 2000.0, PN G 351.0-10.4
PN M  1-19, 170346.84 , -332944.43, 2000.0, PN G 351.1+04.8
PN M  2-5, 170219.09 , -331004.97, 2000.0, PN G 351.2+05.2
PN H  1-4, 165337.08 , -314033.10, 2000.0, PN G 351.3+07.6
PN H  1-37, 175044.56 , -391725.80, 2000.0, PN G 351.6-06.2
WRAY 16-385, 181252.96 , -413026.60, 2000.0, PN G 351.7-10.9
PN PC   13, 165017.11 , -301955.49, 2000.0, PN G 351.9+09.0
WRAY 16-286, 173300.67 , -364351.82, 2000.0, PN G 351.9-01.9
PN H  1-30, 174506.80 , -380849.70, 2000.0, PN G 352.0-04.6
PN M  2-8, 170530.70 , -323208.09, 2000.0, PN G 352.1+05.1
PN H  1-12, 172624.26 , -350141.88, 2000.0, PN G 352.6+00.1
PN H  1-8, 171442.93 , -332447.41, 2000.0, PN G 352.6+03.0
PN H  1-13, 172827.50 , -350731.58, 2000.0, PN G 352.8-00.2
PN K  2-16, 164449.05 , -280404.69, 2000.0, PN G 352.9+11.4
PN Fg    3, 180011.82 , -384952.74, 2000.0, PN G 352.9-07.5
PN H  1-38, 175045.24 , -372352.12, 2000.0, PN G 353.2-05.2
PN M  2-6, 170418.33 , -305328.90, 2000.0, PN G 353.3+06.3
Hen 2-289, 174948.22 , -370127.91, 2000.0, PN G 353.5-04.9
PN M  2-7, 170513.91 , -303219.72, 2000.0, PN G 353.7+06.3
WRAY 16-411, 182641.65 , -402952.40, 2000.0, PN G 353.7-12.8
PN M  2-10, 171407.03 , -311942.89, 2000.0, PN G 354.2+04.3
PN H  1-52, 180457.61 , -373808.02, 2000.0, PN G 354.4-07.8
PN Th  3-4, 171851.94 , -313906.52, 2000.0, PN G 354.5+03.3
PN Th  3-6, 171920.25 , -311240.61, 2000.0, PN G 354.9+03.5
PN Th  3-11, 172426.33 , -314319.81, 2000.0, PN G 355.1+02.3
PN H  1-31, 174531.97 , -343354.79, 2000.0, PN G 355.1-02.9
PN M  3-21, 180232.33 , -363911.30, 2000.0, PN G 355.1-06.9
PN H  1-29, 174413.87 , -341733.38, 2000.0, PN G 355.2-02.5
PN M  3-14, 174420.62 , -340640.61, 2000.0, PN G 355.4-02.4
PN Hf  2-1, 175112.15 , -345524.31, 2000.0, PN G 355.4-04.0
PN H  1-32, 174606.30 , -340345.40, 2000.0, PN G 355.6-02.7
PN H  1-33, 174749.43 , -340805.10, 2000.0, PN G 355.7-03.0
PN H  2-23, 174857.91 , -342154.29, 2000.0, PN G 355.7-03.4
PN H  1-35, 174913.94 , -342252.72, 2000.0, PN G 355.7-03.5
PN Th  3-10, 172440.90 , -305159.62, 2000.0, PN G 355.9+02.7
PN H  1-9, 172131.90 , -302048.91, 2000.0, PN G 355.9+03.6
PN M  1-30, 175258.95 , -343822.60, 2000.0, PN G 355.9-04.2
PN Th  3-13, 172519.38 , -304041.99, 2000.0, PN G 356.1+02.7
PN H  2-26, 174950.80 , -340030.49, 2000.0, PN G 356.1-03.3
PN Cn  2-1, 175433.01 , -342221.15, 2000.0, PN G 356.2-04.4
PN M  3-49, 180232.00 , -351314.02, 2000.0, PN G 356.3-06.2
PN Th  3-55, 173058.84 , -310105.73, 2000.0, PN G 356.5+01.5
PN Th  3-3, 171720.53 , -285929.64, 2000.0, PN G 356.5+05.1
PN M  1-27, 174645.48 , -330835.20, 2000.0, PN G 356.5-02.3
PN H  2-27, 175150.58 , -334736.10, 2000.0, PN G 356.5-03.6
PN H  1-39, 175321.02 , -335558.51, 2000.0, PN G 356.5-03.9
PN H  1-57, 180949.24 , -354413.49, 2000.0, PN G 356.6-07.8
PN H  1-41, 175719.12 , -340948.89, 2000.0, PN G 356.7-04.8
PN H  1-51, 180429.30 , -345800.98, 2000.0, PN G 356.7-06.4
PN Th  3-12, 172506.13 , -294516.97, 2000.0, PN G 356.8+03.3
PN H  2-35, 180018.26 , -342739.29, 2000.0, PN G 356.8-05.4
PN Lo   17, 182749.91 , -371551.98, 2000.0, PN G 356.8-11.7
PN M  3-38, 172104.48 , -290259.50, 2000.0, PN G 356.9+04.4
PN M  2-11, 172033.27 , -290039.10, 2000.0, PN G 356.9+04.5
PN M  2-24, 180202.89 , -342747.30, 2000.0, PN G 356.9-05.8
PN M  4-4, 172850.29 , -300745.08, 2000.0, PN G 357.0+02.4
PN Th  3-24, 173051.35 , -301712.49, 2000.0, PN G 357.1+01.9
PN M  3-7, 172434.45 , -292419.69, 2000.0, PN G 357.1+03.6
PN PBOZ    1, 172138.00 , -285514.92, 2000.0, PN G 357.1+04.4
PN H  1-43, 175814.44 , -334737.50, 2000.0, PN G 357.1-04.7
PN M  3-50, 180405.18 , -342837.39, 2000.0, PN G 357.1-06.1
PN Al  2-H, 173316.91 , -302630.74, 2000.0, PN G 357.2+01.4
PN H  2-13, 173108.11 , -301028.31, 2000.0, PN G 357.2+02.0
PN M  4-3, 171041.79 , -270844.09, 2000.0, PN G 357.2+07.4
PN H  1-42, 175725.17 , -333542.90, 2000.0, PN G 357.2-04.5
PN M  3-41, 172559.82 , -292150.40, 2000.0, PN G 357.3+03.3
PN H  2-7, 172324.94 , -285906.05, 2000.0, PN G 357.3+04.0
PN M  2-16, 175234.37 , -324551.41, 2000.0, PN G 357.4-03.2
PN M  2-18, 175337.85 , -325847.78, 2000.0, PN G 357.4-03.5
PN M  2-22, 175832.58 , -332836.80, 2000.0, PN G 357.4-04.6
PN Th  3-16, 172724.36 , -292114.53, 2000.0, PN G 357.5+03.1
PN M  3-42, 172659.85 , -291532.11, 2000.0, PN G 357.5+03.2
PN TrBr    4, 173543.45 , -302126.42, 2000.0, PN G 357.6+01.0
PN H  1-23, 173246.92 , -300014.90, 2000.0, PN G 357.6+01.7
PN H  1-18, 172942.76 , -293250.32, 2000.0, PN G 357.6+02.6
PN H  2-29, 175316.79 , -324038.56, 2000.0, PN G 357.6-03.3
PN H  2-30, 175614.23 , -323719.50, 2000.0, PN G 357.9-03.8
PN M  1-34, 180122.15 , -331745.21, 2000.0, PN G 357.9-05.1
PN Th  3-23, 173021.36 , -291012.68, 2000.0, PN G 358.0+02.6
Terz N    8, 171233.64 , -262524.22, 2000.0, PN G 358.0+07.5
PN Th  3-1, 170544.52 , -252501.73, 2000.0, PN G 358.0+09.3
PN Pe  1-11, 180142.89 , -331528.30, 2000.0, PN G 358.0-05.1
PN H  2-10, 172732.86 , -283106.89, 2000.0, PN G 358.2+03.5
PN M  3-10, 172720.19 , -282751.19, 2000.0, PN G 358.2+03.6
PN M  3-8, 172452.15 , -280554.60, 2000.0, PN G 358.2+04.2
PN Bl D, 174602.76 , -310338.70, 2000.0, PN G 358.2-01.1
PN Bl B, 173659.84 , -294008.93, 2000.0, PN G 358.3+01.2
PN H  1-17, 172940.61 , -284022.12, 2000.0, PN G 358.3+03.0
PN G358.3-02.5, 175144.74 , -313600.22, 2000.0, PN G 358.3-02.5
IC 1297, 191723.46 , -393646.40, 2000.0, PN G 358.3-21.6
PN Th  3-19, 172841.79 , -282719.32, 2000.0, PN G 358.4+03.3
PN HDW    8, 173147.47 , -284203.37, 2000.0, PN G 358.5+02.6
PN Al  2-F, 173030.44 , -283554.89, 2000.0, PN G 358.5+02.9
PN Al  2-B, 172747.06 , -281100.76, 2000.0, PN G 358.5+03.7
PN M  3-39, 172111.49 , -271136.31, 2000.0, PN G 358.5+05.4
PN M  4-7, 175144.66 , -313600.18, 2000.0, PN G 358.5-02.5
PN H  1-46, 175902.51 , -322143.60, 2000.0, PN G 358.5-04.2
NGC  6563, 181202.50 , -335207.00, 2000.0, PN G 358.5-07.3
PN M  4-6, 173513.99 , -290310.58, 2000.0, PN G 358.6+01.8
PN M  3-36, 171239.17 , -254337.49, 2000.0, PN G 358.6+07.8
PN M  3-51, 180456.20 , -325402.02, 2000.0, PN G 358.6-05.5
PN M  3-40, 172228.28 , -270842.39, 2000.0, PN G 358.7+05.2
2MASS J17533646-3125257, 175336.46 , -312525.72, 2000.0, PN G 358.7-02.7
PN H  1-50, 180353.47 , -324141.89, 2000.0, PN G 358.7-05.2
PN Th  3-26, 173109.30 , -281450.39, 2000.0, PN G 358.8+03.0
PN Th  3-15, 172710.68 , -274359.35, 2000.0, PN G 358.8+04.0
PN SaWe    2, 172700.20 , -274035.11, 2000.0, PN G 358.8+04.1
PN H  1-20, 173043.82 , -280406.82, 2000.0, PN G 358.9+03.2
PN H  1-19, 173002.57 , -275917.48, 2000.0, PN G 358.9+03.4
PN M  1-26, 174557.67 , -301200.76, 2000.0, PN G 358.9-00.7
PN H  1-44, 175810.65 , -314256.02, 2000.0, PN G 358.9-03.7
PN Al  2-G, 173222.67 , -281427.32, 2000.0, PN G 359.0+02.8
PN M  3-48, 175956.83 , -315428.12, 2000.0, PN G 359.0-04.1
PN M  2-25, 180246.50 , -320929.02, 2000.0, PN G 359.0-04.8
PN A66   40, 164834.51 , -210050.67, 2000.0, PN G 359.1+15.1
PN M  1-29, 175017.94 , -303454.70, 2000.0, PN G 359.1-01.7
PN M  3-16, 175246.05 , -304935.51, 2000.0, PN G 359.1-02.3
PN M  3-46, 175505.65 , -311216.42, 2000.0, PN G 359.1-02.9
ESO 455-139, 173902.91 , -285635.59, 2000.0, PN G 359.2+01.2
PN Th  3-14, 172544.09 , -265747.92, 2000.0, PN G 359.2+04.7
Hen 3-1863, 201928.70 , -413127.47, 2000.0, PN G 359.2-33.5
PN Th  3-35, 173842.19 , -284245.89, 2000.0, PN G 359.3+01.4
PN Al  2-E, 173014.45 , -273020.09, 2000.0, PN G 359.3+03.6
PN Hb    5, 174756.20 , -295939.59, 2000.0, PN G 359.3-00.9
PN M  3-44, 175118.93 , -302353.09, 2000.0, PN G 359.3-01.8
PN M  3-17, 175625.65 , -310417.18, 2000.0, PN G 359.3-03.1
PN Th  3-32, 173515.45 , -280702.29, 2000.0, PN G 359.4+02.3
PN H  2-33, 175812.57 , -310806.11, 2000.0, PN G 359.4-03.4
PN Al  2-I, 173413.82 , -275600.95, 2000.0, PN G 359.5+02.6
PN Al  2-K, 173614.18 , -280046.33, 2000.0, PN G 359.6+02.2
PN H  2-36, 180407.76 , -313911.41, 2000.0, PN G 359.6-04.8
PN M  3-45, 175205.96 , -300513.99, 2000.0, PN G 359.7-01.8
PN H  1-40, 175536.05 , -303332.29, 2000.0, PN G 359.7-02.6
PN KFL    3, 180252.93 , -312358.49, 2000.0, PN G 359.7-04.4
PN Th  3-33, 173548.12 , -274320.38, 2000.0, PN G 359.8+02.4
PN Th  3-25, 173046.81 , -270557.98, 2000.0, PN G 359.8+03.7
Terz N   19, 172523.65 , -261153.77, 2000.0, PN G 359.8+05.2
PN M  2-12, 172401.48 , -255923.32, 2000.0, PN G 359.8+05.6
PN M  3-37, 171913.39 , -251717.55, 2000.0, PN G 359.8+06.9
PN M  2-32, 181450.61 , -323655.19, 2000.0, PN G 359.8-07.2
PN M  3-9, 172543.37 , -261155.50, 2000.0, PN G 359.9+05.1
PN M  2-27, 180352.60 , -311746.72, 2000.0, PN G 359.9-04.5
PN KFL    9, 180719.38 , -314256.95, 2000.0, PN G 359.9-05.4
