10 Lac        
2MASS J17325264+7104431
2MASS J17403468+6527148
2MASS J17430448+6655015
2MASS J17571324+6703409
2MASS J18022716+6043356
2MASS J18052927+6427520
2MASS J18083474+6927286
2MASS J18120957+6329423
2MASS J18125240+6002319
2MASS J00361617+1821104
2MASS J05591914-1404488
AGK+81 266    
ALPHA LYR     
BD+02 3375    
BD+17 4708 
BD+21 0607    
BD+25 4655    
BD+26 2606    
BD+28 4211 
BD+29 2091    
BD+33 2642    
BD+54 1216    
BD+60 1753    
BD+75 325     
2MASS J03323287-2751483
ETA UMA       
FEIGE110      
FEIGE34       
FEIGE66       
FEIGE67       
G191B2B       
G93-48        
GD108         
GD153         
GD50          
GD71          
GJ754.1A      
GRW+70 5824   
HD009051      
HD031128      
HD074000      
HD106252      
HD111980      
HD116405      
HD14943       
HD158485      
HD159222      
HD160617      
HD163466      
HD165459      
HD180609      
HD185975      
HD200654      
HD205905      
HD209458      
HD37725       
HD37962       
HD38949       
HD60753       
HD93521       
HS2027+0651   
HZ2           
HZ21          
HZ4           
HZ43       
HZ43B      
HZ44          
2MASS J18040388+6655437
2MASS J17575849+6652293
2MASS J17583798+6646522
2MASS J17551622+6610116
ksi2 Ceti     
LAM LEP       
LB227         
LDS749B       
LTT9491       
* mu. Col
NGC7293       
2MASS J14515797+7143173
2MASS J15591357+4736419
2MASS J16313382+3008465
2MASS J16181422+0000086
SIRIUS        
2MASS J16293576+5255532
2MASS J16194609+5534178
VB8           
WD0308-565    
WD0320-539    
WD0947+857    
WD1026+453    
WD1057+719    
WD1657+343    
