 HR9087     
 G158-100   
 HR153      
 CD-34 241  
 BPM16274   
 LTT1020    
 HR718      
 EG21       
 LTT1788    
 GD50       
 SA95-42    
 HZ4        
 LB227      
 HZ2        
 HR1544     
 GD71       
 G191-B2B   
 HR1996     
 LTT2415    
 HILT600    
 HD49798    
 HD60753    
 G193-74    
 BD+75 325  
 LTT3218    
 HR3454     
 AGK+81 266 
 GD108      
 LTT3864    
 Feige34    
 HD93521    
 HR4468     
 LTT4364    
 HR4554     
 Feige56    
 HZ21       
 Feige66    
 LTT4816    
 Feige67    
 GD153      
 G60-54     
 HR4963     
 HZ43       
 HZ44       
 GRW+70 5824
 HR5191     
 CD-32 9927 
 HR5501     
 LTT6248    
 BD+33 2642 
 EG274      
 G138-31    
 LTT7379    
 HR7001     
 HR7596     
 LTT7987    
 G24-9      
 HR7950     
 LDS749B    
 BD+28 4211 
 G93-48     
 BD+25 4655 
 NGC 7293   
 HR8634     
 LTT9239    
 LTT9491    
 Feige110   
 GD248      
